### Starting TaskPrologue of job 1136225 on tg080 at Sat Aug  2 10:36:44 AM CEST 2025
Running on cores 8-9,24-25,40-41,56-57 with governor powersave
Sat Aug  2 10:36:44 2025       
+-----------------------------------------------------------------------------------------+
| NVIDIA-SMI 575.57.08              Driver Version: 575.57.08      CUDA Version: 12.9     |
|-----------------------------------------+------------------------+----------------------+
| GPU  Name                 Persistence-M | Bus-Id          Disp.A | Volatile Uncorr. ECC |
| Fan  Temp   Perf          Pwr:Usage/Cap |           Memory-Usage | GPU-Util  Compute M. |
|                                         |                        |               MIG M. |
|=========================================+========================+======================|
|   0  NVIDIA GeForce RTX 3080        On  |   00000000:3D:00.0 Off |                  N/A |
| 30%   33C    P8             19W /  300W |       1MiB /  10240MiB |      0%      Default |
|                                         |                        |                  N/A |
+-----------------------------------------+------------------------+----------------------+
                                                                                         
+-----------------------------------------------------------------------------------------+
| Processes:                                                                              |
|  GPU   GI   CI              PID   Type   Process name                        GPU Memory |
|        ID   ID                                                               Usage      |
|=========================================================================================|
|  No running processes found                                                             |
+-----------------------------------------------------------------------------------------+
### Finished TaskPrologue

drop path: Identity()
drop path: Identity()
drop path: Identity()
drop path: Identity()
drop path: Identity()
drop path: Identity()
drop path: Identity()
drop path: Identity()
drop path: Identity()
drop path: Identity()
drop path: Identity()
drop path: Identity()
drop path: Identity()
drop path: Identity()
drop path: Identity()
drop path: Identity()
drop path: Identity()
drop path: Identity()
drop path: Identity()
drop path: Identity()
drop path: Identity()
drop path: Identity()
drop path: Identity()
drop path: Identity()
MR_LKV:
  Params: 3.65 M
  FLOPs : 24.00 G

U-Net:
  Params: 31.04 M
  FLOPs : 437.74 G

RepLKNetReg:
  Params: 21.79 M
  FLOPs : 47.61 G

=== JOB_STATISTICS ===
=== current date     : Sat Aug  2 10:36:57 AM CEST 2025
= Job-ID             : 1136225 on tinygpu
= Job-Name           : flops
= Job-Command        : /home/hpc/iwi5/iwi5293h/Debanjana_Master_Thesis/job.sh
= Initial workdir    : /home/hpc/iwi5/iwi5293h/Debanjana_Master_Thesis
= Queue/Partition    : rtx3080
= Slurm account      : iwi5 with QOS=normal
= Requested resources:  for 1-00:00:00
= Elapsed runtime    : 00:00:15
= Total RAM usage    : 2.2 GiB of requested  GiB (%)   
= Node list          : tg080
= Subm/Elig/Start/End: 2025-08-02T10:36:36 / 2025-08-02T10:36:36 / 2025-08-02T10:36:42 / 2025-08-02T10:36:57
======================
=== Quota infos ======
    Path                 Used     SoftQ    HardQ    Gracetime  Filec    FileQ    FiHaQ    FileGrace    
    /home/hpc              17.1G   104.9G   209.7G        N/A  17,989      500K   1,000K        N/A    
    /home/woody            21.6G  1000.0G  1500.0G        N/A      97K   5,000K   7,500K        N/A    
    /home/vault           344.2G  1048.6G  2097.2G        N/A     185K     200K     400K        N/A    
======================
=== GPU utilization ==
gpu_name, gpu_bus_id, pid, gpu_utilization [%], mem_utilization [%], max_memory_usage [MiB], time [ms]
