### Starting TaskPrologue of job 1134408 on tg074 at Tue Jul 29 10:17:43 PM CEST 2025
Running on cores 4-5,12-13,20-21,28-29 with governor ondemand
Tue Jul 29 22:17:43 2025       
+-----------------------------------------------------------------------------------------+
| NVIDIA-SMI 570.158.01             Driver Version: 570.158.01     CUDA Version: 12.8     |
|-----------------------------------------+------------------------+----------------------+
| GPU  Name                 Persistence-M | Bus-Id          Disp.A | Volatile Uncorr. ECC |
| Fan  Temp   Perf          Pwr:Usage/Cap |           Memory-Usage | GPU-Util  Compute M. |
|                                         |                        |               MIG M. |
|=========================================+========================+======================|
|   0  Tesla V100-PCIE-32GB           On  |   00000000:86:00.0 Off |                    0 |
| N/A   31C    P0             26W /  250W |       0MiB /  32768MiB |      0%      Default |
|                                         |                        |                  N/A |
+-----------------------------------------+------------------------+----------------------+
                                                                                         
+-----------------------------------------------------------------------------------------+
| Processes:                                                                              |
|  GPU   GI   CI              PID   Type   Process name                        GPU Memory |
|        ID   ID                                                               Usage      |
|=========================================================================================|
|  No running processes found                                                             |
+-----------------------------------------------------------------------------------------+
### Finished TaskPrologue

Starting training…
Model parameters: 3,650,879
Epoch 1/100 — train: 0.003751, val: 0.001093 | PSNR: 29.90 dB, SSIM: 0.9644
⇢ learning rate is now 1.00e-03
🔖 New best model saved (val 0.001093)
Epoch 2/100 — train: 0.001521, val: 0.001213 | PSNR: 29.40 dB, SSIM: 0.9694
⇢ learning rate is now 1.00e-03
Epoch 3/100 — train: 0.001254, val: 0.001592 | PSNR: 28.10 dB, SSIM: 0.9685
⇢ learning rate is now 1.00e-03
Epoch 4/100 — train: 0.001062, val: 0.001257 | PSNR: 29.41 dB, SSIM: 0.9721
⇢ learning rate is now 1.00e-03
Epoch 5/100 — train: 0.000996, val: 0.000956 | PSNR: 30.31 dB, SSIM: 0.9745
⇢ learning rate is now 1.00e-03
🔖 New best model saved (val 0.000956)
Epoch 6/100 — train: 0.000940, val: 0.000666 | PSNR: 32.00 dB, SSIM: 0.9770
⇢ learning rate is now 1.00e-03
🔖 New best model saved (val 0.000666)
Epoch 7/100 — train: 0.000842, val: 0.001425 | PSNR: 29.23 dB, SSIM: 0.9756
⇢ learning rate is now 1.00e-03
Epoch 8/100 — train: 0.000829, val: 0.000642 | PSNR: 32.11 dB, SSIM: 0.9758
⇢ learning rate is now 1.00e-03
🔖 New best model saved (val 0.000642)
Epoch 9/100 — train: 0.000810, val: 0.000771 | PSNR: 31.51 dB, SSIM: 0.9767
⇢ learning rate is now 1.00e-03
Epoch 10/100 — train: 0.000763, val: 0.001003 | PSNR: 30.23 dB, SSIM: 0.9765
⇢ learning rate is now 1.00e-03
🔖 Saved checkpoint: /home/vault/iwi5/iwi5293h/models/epoch10.pth
Epoch 11/100 — train: 0.000752, val: 0.000617 | PSNR: 32.65 dB, SSIM: 0.9774
⇢ learning rate is now 1.00e-03
🔖 New best model saved (val 0.000617)
Epoch 12/100 — train: 0.000749, val: 0.000928 | PSNR: 30.78 dB, SSIM: 0.9768
⇢ learning rate is now 1.00e-03
Epoch 13/100 — train: 0.000710, val: 0.001296 | PSNR: 29.07 dB, SSIM: 0.9757
⇢ learning rate is now 1.00e-03
Epoch 14/100 — train: 0.000688, val: 0.001092 | PSNR: 29.74 dB, SSIM: 0.9764
⇢ learning rate is now 1.00e-03
Epoch 15/100 — train: 0.000689, val: 0.001473 | PSNR: 28.48 dB, SSIM: 0.9769
⇢ learning rate is now 1.00e-03
Epoch 16/100 — train: 0.000769, val: 0.000701 | PSNR: 32.02 dB, SSIM: 0.9782
⇢ learning rate is now 1.00e-03
Epoch 17/100 — train: 0.000693, val: 0.001196 | PSNR: 29.39 dB, SSIM: 0.9770
⇢ learning rate is now 5.00e-04
Epoch 18/100 — train: 0.000557, val: 0.000395 | PSNR: 34.29 dB, SSIM: 0.9796
⇢ learning rate is now 5.00e-04
🔖 New best model saved (val 0.000395)
Epoch 19/100 — train: 0.000517, val: 0.000678 | PSNR: 31.84 dB, SSIM: 0.9787
⇢ learning rate is now 5.00e-04
Epoch 20/100 — train: 0.000535, val: 0.000392 | PSNR: 34.49 dB, SSIM: 0.9798
⇢ learning rate is now 5.00e-04
🔖 New best model saved (val 0.000392)
🔖 Saved checkpoint: /home/vault/iwi5/iwi5293h/models/epoch20.pth
Epoch 21/100 — train: 0.000514, val: 0.000414 | PSNR: 34.10 dB, SSIM: 0.9795
⇢ learning rate is now 5.00e-04
Epoch 22/100 — train: 0.000502, val: 0.000372 | PSNR: 34.61 dB, SSIM: 0.9798
⇢ learning rate is now 5.00e-04
🔖 New best model saved (val 0.000372)
Epoch 23/100 — train: 0.000521, val: 0.000397 | PSNR: 34.28 dB, SSIM: 0.9796
⇢ learning rate is now 5.00e-04
Epoch 24/100 — train: 0.000479, val: 0.000477 | PSNR: 33.50 dB, SSIM: 0.9793
⇢ learning rate is now 5.00e-04
Epoch 25/100 — train: 0.000492, val: 0.000630 | PSNR: 32.23 dB, SSIM: 0.9798
⇢ learning rate is now 5.00e-04
Epoch 26/100 — train: 0.000477, val: 0.000993 | PSNR: 30.15 dB, SSIM: 0.9781
⇢ learning rate is now 5.00e-04
Epoch 27/100 — train: 0.000468, val: 0.000333 | PSNR: 34.99 dB, SSIM: 0.9802
⇢ learning rate is now 5.00e-04
🔖 New best model saved (val 0.000333)
Epoch 28/100 — train: 0.000467, val: 0.000626 | PSNR: 32.21 dB, SSIM: 0.9791
⇢ learning rate is now 5.00e-04
Epoch 29/100 — train: 0.000463, val: 0.000521 | PSNR: 33.21 dB, SSIM: 0.9795
⇢ learning rate is now 5.00e-04
Epoch 30/100 — train: 0.000467, val: 0.000516 | PSNR: 33.10 dB, SSIM: 0.9800
⇢ learning rate is now 5.00e-04
🔖 Saved checkpoint: /home/vault/iwi5/iwi5293h/models/epoch30.pth
Epoch 31/100 — train: 0.000468, val: 0.000412 | PSNR: 34.14 dB, SSIM: 0.9798
⇢ learning rate is now 5.00e-04
Epoch 32/100 — train: 0.000452, val: 0.000391 | PSNR: 34.32 dB, SSIM: 0.9798
⇢ learning rate is now 5.00e-04
Epoch 33/100 — train: 0.000465, val: 0.000692 | PSNR: 31.89 dB, SSIM: 0.9792
⇢ learning rate is now 2.50e-04
Epoch 34/100 — train: 0.000383, val: 0.000394 | PSNR: 34.36 dB, SSIM: 0.9804
⇢ learning rate is now 2.50e-04
Epoch 35/100 — train: 0.000376, val: 0.000331 | PSNR: 35.10 dB, SSIM: 0.9806
⇢ learning rate is now 2.50e-04
🔖 New best model saved (val 0.000331)
Epoch 36/100 — train: 0.000372, val: 0.000347 | PSNR: 34.81 dB, SSIM: 0.9806
⇢ learning rate is now 2.50e-04
Epoch 37/100 — train: 0.000358, val: 0.000706 | PSNR: 31.70 dB, SSIM: 0.9801
⇢ learning rate is now 2.50e-04
Epoch 38/100 — train: 0.000359, val: 0.000430 | PSNR: 33.85 dB, SSIM: 0.9805
⇢ learning rate is now 2.50e-04
Epoch 39/100 — train: 0.000355, val: 0.000401 | PSNR: 34.18 dB, SSIM: 0.9808
⇢ learning rate is now 2.50e-04
Epoch 40/100 — train: 0.000357, val: 0.000598 | PSNR: 32.38 dB, SSIM: 0.9804
⇢ learning rate is now 2.50e-04
🔖 Saved checkpoint: /home/vault/iwi5/iwi5293h/models/epoch40.pth
Epoch 41/100 — train: 0.000363, val: 0.000300 | PSNR: 35.59 dB, SSIM: 0.9808
⇢ learning rate is now 2.50e-04
🔖 New best model saved (val 0.000300)
Epoch 42/100 — train: 0.000350, val: 0.000307 | PSNR: 35.36 dB, SSIM: 0.9810
⇢ learning rate is now 2.50e-04
Epoch 43/100 — train: 0.000348, val: 0.000329 | PSNR: 35.06 dB, SSIM: 0.9810
⇢ learning rate is now 2.50e-04
Epoch 44/100 — train: 0.000353, val: 0.000326 | PSNR: 35.21 dB, SSIM: 0.9810
⇢ learning rate is now 2.50e-04
Epoch 45/100 — train: 0.000339, val: 0.000311 | PSNR: 35.38 dB, SSIM: 0.9809
⇢ learning rate is now 2.50e-04
Epoch 46/100 — train: 0.000352, val: 0.000352 | PSNR: 34.74 dB, SSIM: 0.9809
⇢ learning rate is now 2.50e-04
Epoch 47/100 — train: 0.000342, val: 0.000592 | PSNR: 32.43 dB, SSIM: 0.9804
⇢ learning rate is now 1.25e-04
Epoch 48/100 — train: 0.000295, val: 0.000299 | PSNR: 35.60 dB, SSIM: 0.9814
⇢ learning rate is now 1.25e-04
🔖 New best model saved (val 0.000299)
Epoch 49/100 — train: 0.000301, val: 0.000317 | PSNR: 35.25 dB, SSIM: 0.9814
⇢ learning rate is now 1.25e-04
Epoch 50/100 — train: 0.000299, val: 0.000271 | PSNR: 35.92 dB, SSIM: 0.9814
⇢ learning rate is now 1.25e-04
🔖 New best model saved (val 0.000271)
🔖 Saved checkpoint: /home/vault/iwi5/iwi5293h/models/epoch50.pth
Epoch 51/100 — train: 0.000292, val: 0.000323 | PSNR: 35.16 dB, SSIM: 0.9813
⇢ learning rate is now 1.25e-04
Epoch 52/100 — train: 0.000290, val: 0.000267 | PSNR: 36.06 dB, SSIM: 0.9816
⇢ learning rate is now 1.25e-04
🔖 New best model saved (val 0.000267)
Epoch 53/100 — train: 0.000292, val: 0.000290 | PSNR: 35.75 dB, SSIM: 0.9815
⇢ learning rate is now 1.25e-04
Epoch 54/100 — train: 0.000285, val: 0.000315 | PSNR: 35.29 dB, SSIM: 0.9813
⇢ learning rate is now 1.25e-04
Epoch 55/100 — train: 0.000286, val: 0.000321 | PSNR: 35.16 dB, SSIM: 0.9816
⇢ learning rate is now 1.25e-04
Epoch 56/100 — train: 0.000280, val: 0.000288 | PSNR: 35.71 dB, SSIM: 0.9814
⇢ learning rate is now 1.25e-04
Epoch 57/100 — train: 0.000283, val: 0.000285 | PSNR: 35.68 dB, SSIM: 0.9818
⇢ learning rate is now 1.25e-04
Epoch 58/100 — train: 0.000282, val: 0.000264 | PSNR: 36.14 dB, SSIM: 0.9818
⇢ learning rate is now 1.25e-04
🔖 New best model saved (val 0.000264)
Epoch 59/100 — train: 0.000276, val: 0.000240 | PSNR: 36.54 dB, SSIM: 0.9819
⇢ learning rate is now 1.25e-04
🔖 New best model saved (val 0.000240)
Epoch 60/100 — train: 0.000284, val: 0.000276 | PSNR: 35.89 dB, SSIM: 0.9816
⇢ learning rate is now 1.25e-04
🔖 Saved checkpoint: /home/vault/iwi5/iwi5293h/models/epoch60.pth
Epoch 61/100 — train: 0.000281, val: 0.000280 | PSNR: 35.83 dB, SSIM: 0.9818
⇢ learning rate is now 1.25e-04
Epoch 62/100 — train: 0.000281, val: 0.000269 | PSNR: 35.99 dB, SSIM: 0.9815
⇢ learning rate is now 1.25e-04
Epoch 63/100 — train: 0.000276, val: 0.000256 | PSNR: 36.19 dB, SSIM: 0.9820
⇢ learning rate is now 1.25e-04
Epoch 64/100 — train: 0.000273, val: 0.000263 | PSNR: 36.03 dB, SSIM: 0.9818
⇢ learning rate is now 1.25e-04
Epoch 65/100 — train: 0.000276, val: 0.000283 | PSNR: 35.90 dB, SSIM: 0.9818
⇢ learning rate is now 6.25e-05
Epoch 66/100 — train: 0.000248, val: 0.000274 | PSNR: 35.87 dB, SSIM: 0.9821
⇢ learning rate is now 6.25e-05
Epoch 67/100 — train: 0.000246, val: 0.000232 | PSNR: 36.65 dB, SSIM: 0.9821
⇢ learning rate is now 6.25e-05
🔖 New best model saved (val 0.000232)
Epoch 68/100 — train: 0.000248, val: 0.000265 | PSNR: 36.14 dB, SSIM: 0.9822
⇢ learning rate is now 6.25e-05
Epoch 69/100 — train: 0.000244, val: 0.000224 | PSNR: 36.83 dB, SSIM: 0.9823
⇢ learning rate is now 6.25e-05
🔖 New best model saved (val 0.000224)
Epoch 70/100 — train: 0.000245, val: 0.000226 | PSNR: 36.78 dB, SSIM: 0.9823
⇢ learning rate is now 6.25e-05
🔖 Saved checkpoint: /home/vault/iwi5/iwi5293h/models/epoch70.pth
Epoch 71/100 — train: 0.000243, val: 0.000264 | PSNR: 36.16 dB, SSIM: 0.9821
⇢ learning rate is now 6.25e-05
Epoch 72/100 — train: 0.000242, val: 0.000265 | PSNR: 36.15 dB, SSIM: 0.9822
⇢ learning rate is now 6.25e-05
Epoch 73/100 — train: 0.000241, val: 0.000245 | PSNR: 36.40 dB, SSIM: 0.9823
⇢ learning rate is now 6.25e-05
Epoch 74/100 — train: 0.000238, val: 0.000230 | PSNR: 36.70 dB, SSIM: 0.9822
⇢ learning rate is now 6.25e-05
Epoch 75/100 — train: 0.000239, val: 0.000223 | PSNR: 36.83 dB, SSIM: 0.9823
⇢ learning rate is now 6.25e-05
🔖 New best model saved (val 0.000223)
Epoch 76/100 — train: 0.000239, val: 0.000233 | PSNR: 36.66 dB, SSIM: 0.9825
⇢ learning rate is now 6.25e-05
Epoch 77/100 — train: 0.000233, val: 0.000237 | PSNR: 36.64 dB, SSIM: 0.9824
⇢ learning rate is now 6.25e-05
Epoch 78/100 — train: 0.000237, val: 0.000231 | PSNR: 36.66 dB, SSIM: 0.9824
⇢ learning rate is now 6.25e-05
Epoch 79/100 — train: 0.000234, val: 0.000245 | PSNR: 36.39 dB, SSIM: 0.9824
⇢ learning rate is now 6.25e-05
Epoch 80/100 — train: 0.000241, val: 0.000247 | PSNR: 36.43 dB, SSIM: 0.9825
⇢ learning rate is now 6.25e-05
🔖 Saved checkpoint: /home/vault/iwi5/iwi5293h/models/epoch80.pth
Epoch 81/100 — train: 0.000236, val: 0.000212 | PSNR: 37.09 dB, SSIM: 0.9825
⇢ learning rate is now 6.25e-05
🔖 New best model saved (val 0.000212)
Epoch 82/100 — train: 0.000231, val: 0.000226 | PSNR: 36.76 dB, SSIM: 0.9824
⇢ learning rate is now 6.25e-05
Epoch 83/100 — train: 0.000232, val: 0.000233 | PSNR: 36.66 dB, SSIM: 0.9825
⇢ learning rate is now 6.25e-05
Epoch 84/100 — train: 0.000231, val: 0.000248 | PSNR: 36.47 dB, SSIM: 0.9825
⇢ learning rate is now 6.25e-05
Epoch 85/100 — train: 0.000236, val: 0.000263 | PSNR: 36.09 dB, SSIM: 0.9824
⇢ learning rate is now 6.25e-05
Epoch 86/100 — train: 0.000233, val: 0.000312 | PSNR: 35.27 dB, SSIM: 0.9824
⇢ learning rate is now 6.25e-05
Epoch 87/100 — train: 0.000230, val: 0.000223 | PSNR: 36.83 dB, SSIM: 0.9825
⇢ learning rate is now 3.13e-05
Epoch 88/100 — train: 0.000215, val: 0.000223 | PSNR: 36.84 dB, SSIM: 0.9826
⇢ learning rate is now 3.13e-05
Epoch 89/100 — train: 0.000217, val: 0.000216 | PSNR: 37.00 dB, SSIM: 0.9827
⇢ learning rate is now 3.13e-05
Epoch 90/100 — train: 0.000214, val: 0.000222 | PSNR: 36.89 dB, SSIM: 0.9827
⇢ learning rate is now 3.13e-05
🔖 Saved checkpoint: /home/vault/iwi5/iwi5293h/models/epoch90.pth
Epoch 91/100 — train: 0.000215, val: 0.000212 | PSNR: 37.09 dB, SSIM: 0.9827
⇢ learning rate is now 3.13e-05
✋ Early stopping at epoch 91
Final Test Loss: 0.000196
=== JOB_STATISTICS ===
=== current date     : Wed Jul 30 06:51:46 AM CEST 2025
= Job-ID             : 1134408 on tinygpu
= Job-Name           : MR_LKVV2
= Job-Command        : /home/hpc/iwi5/iwi5293h/Debanjana_Master_Thesis/job.sh
= Initial workdir    : /home/hpc/iwi5/iwi5293h/Debanjana_Master_Thesis
= Queue/Partition    : v100
= Slurm account      : iwi5 with QOS=normal
= Requested resources:  for 1-00:00:00
= Elapsed runtime    : 08:34:05
= Total RAM usage    : 14.9 GiB of requested  GiB (%)   
= Node list          : tg074
= Subm/Elig/Start/End: 2025-07-29T22:17:57 / 2025-07-29T22:17:57 / 2025-07-29T22:17:58 / 2025-07-30T06:52:03
======================
=== Quota infos ======
    Path                 Used     SoftQ    HardQ    Gracetime  Filec    FileQ    FiHaQ    FileGrace    
    /home/woody            21.5G  1000.0G  1500.0G        N/A      91K   5,000K   7,500K        N/A    
    /home/hpc              17.1G   104.9G   209.7G        N/A  17,828      500K   1,000K        N/A    
    /home/vault           342.6G  1048.6G  2097.2G        N/A     185K     200K     400K        N/A    
======================
=== GPU utilization ==
gpu_name, gpu_bus_id, pid, gpu_utilization [%], mem_utilization [%], max_memory_usage [MiB], time [ms]
Tesla V100-PCIE-32GB, 00000000:86:00.0, 1896870, 99 %, 12 %, 2718 MiB, 30833356 ms
