### Starting TaskPrologue of job 1111150 on tg071 at Tue Jul  1 08:53:37 AM CEST 2025
Running on cores 0-1,8-9,17-18,24-25 with governor ondemand
Tue Jul  1 08:53:37 2025       
+-----------------------------------------------------------------------------------------+
| NVIDIA-SMI 570.133.20             Driver Version: 570.133.20     CUDA Version: 12.8     |
|-----------------------------------------+------------------------+----------------------+
| GPU  Name                 Persistence-M | Bus-Id          Disp.A | Volatile Uncorr. ECC |
| Fan  Temp   Perf          Pwr:Usage/Cap |           Memory-Usage | GPU-Util  Compute M. |
|                                         |                        |               MIG M. |
|=========================================+========================+======================|
|   0  Tesla V100-PCIE-32GB           On  |   00000000:18:00.0 Off |                    0 |
| N/A   32C    P0             27W /  250W |       0MiB /  32768MiB |      0%      Default |
|                                         |                        |                  N/A |
+-----------------------------------------+------------------------+----------------------+
                                                                                         
+-----------------------------------------------------------------------------------------+
| Processes:                                                                              |
|  GPU   GI   CI              PID   Type   Process name                        GPU Memory |
|        ID   ID                                                               Usage      |
|=========================================================================================|
|  No running processes found                                                             |
+-----------------------------------------------------------------------------------------+
### Finished TaskPrologue

✅ Bundled clean sinograms into /home/vault/iwi5/iwi5293h/clean_sinograms.h5
=== JOB_STATISTICS ===
=== current date     : Tue Jul  1 10:51:59 AM CEST 2025
= Job-ID             : 1111150 on tinygpu
= Job-Name           : sinograms_to_h5
= Job-Command        : /home/hpc/iwi5/iwi5293h/Debanjana_Master_Thesis/job.sh
= Initial workdir    : /home/hpc/iwi5/iwi5293h/Debanjana_Master_Thesis
= Queue/Partition    : v100
= Slurm account      : iwi5 with QOS=normal
= Requested resources:  for 1-00:00:00
= Elapsed runtime    : 01:58:22
= Total RAM usage    : 20.7 GiB of requested  GiB (%)   
= Node list          : tg071
= Subm/Elig/Start/End: 2025-07-01T08:53:34 / 2025-07-01T08:53:34 / 2025-07-01T08:53:35 / 2025-07-01T10:51:57
======================
=== Quota infos ======
    Path                 Used     SoftQ    HardQ    Gracetime  Filec    FileQ    FiHaQ    FileGrace    
    /home/hpc              17.0G   104.9G   209.7G        N/A  15,684      500K   1,000K        N/A    
    /home/woody            13.0G  1000.0G  1500.0G        N/A      58K   5,000K   7,500K        N/A    
!!! /home/vault           523.5G  1048.6G  2097.2G    310272*     310K     200K     400K  -29434days !!!
======================
=== GPU utilization ==
gpu_name, gpu_bus_id, pid, gpu_utilization [%], mem_utilization [%], max_memory_usage [MiB], time [ms]
