### Starting TaskPrologue of job 1180966 on tg085 at Wed Aug 13 09:07:33 AM CEST 2025
Running on cores 2-3,18-19,34-35,50-51 with governor powersave
Wed Aug 13 09:07:33 2025       
+-----------------------------------------------------------------------------------------+
| NVIDIA-SMI 575.57.08              Driver Version: 575.57.08      CUDA Version: 12.9     |
|-----------------------------------------+------------------------+----------------------+
| GPU  Name                 Persistence-M | Bus-Id          Disp.A | Volatile Uncorr. ECC |
| Fan  Temp   Perf          Pwr:Usage/Cap |           Memory-Usage | GPU-Util  Compute M. |
|                                         |                        |               MIG M. |
|=========================================+========================+======================|
|   0  NVIDIA GeForce RTX 3080        On  |   00000000:1B:00.0 Off |                  N/A |
| 30%   40C    P8             14W /  300W |       1MiB /  10240MiB |      0%      Default |
|                                         |                        |                  N/A |
+-----------------------------------------+------------------------+----------------------+
                                                                                         
+-----------------------------------------------------------------------------------------+
| Processes:                                                                              |
|  GPU   GI   CI              PID   Type   Process name                        GPU Memory |
|        ID   ID                                                               Usage      |
|=========================================================================================|
|  No running processes found                                                             |
+-----------------------------------------------------------------------------------------+
### Finished TaskPrologue

TRY: /home/hpc/iwi5/iwi5293h/Debanjana_Master_Thesis
SwinIR: True
basicsr: True
Starting training with model=unet…
→ Checkpoints will be saved to: /home/vault/iwi5/iwi5293h/models/unet
Model parameters: 31,042,369
Epoch 1/100 — train: 0.012827, val: 0.012810 | PSNR: 19.84 dB, SSIM: 0.8594
⇢ learning rate is now 1.00e-03
Epoch 2/100 — train: 0.005007, val: 0.004674 | PSNR: 23.76 dB, SSIM: 0.9225
⇢ learning rate is now 1.00e-03
Epoch 3/100 — train: 0.004513, val: 0.005436 | PSNR: 22.86 dB, SSIM: 0.9284
⇢ learning rate is now 1.00e-03
Epoch 4/100 — train: 0.004353, val: 0.004111 | PSNR: 24.32 dB, SSIM: 0.9338
⇢ learning rate is now 1.00e-03
Epoch 5/100 — train: 0.004095, val: 0.012312 | PSNR: 19.18 dB, SSIM: 0.9023
⇢ learning rate is now 1.00e-03
Epoch 6/100 — train: 0.003684, val: 0.004691 | PSNR: 23.58 dB, SSIM: 0.8886
⇢ learning rate is now 1.00e-03
Epoch 7/100 — train: 0.003636, val: 0.006899 | PSNR: 21.98 dB, SSIM: 0.9411
⇢ learning rate is now 1.00e-03
Epoch 8/100 — train: 0.003511, val: 0.003062 | PSNR: 25.52 dB, SSIM: 0.9482
⇢ learning rate is now 1.00e-03
Epoch 9/100 — train: 0.003486, val: 0.006148 | PSNR: 22.29 dB, SSIM: 0.9067
⇢ learning rate is now 1.00e-03
Epoch 10/100 — train: 0.003201, val: 0.003333 | PSNR: 25.24 dB, SSIM: 0.9421
⇢ learning rate is now 1.00e-03
Epoch 11/100 — train: 0.003234, val: 0.003184 | PSNR: 25.32 dB, SSIM: 0.9473
⇢ learning rate is now 1.00e-03
Epoch 12/100 — train: 0.003081, val: 0.003785 | PSNR: 24.53 dB, SSIM: 0.9463
⇢ learning rate is now 1.00e-03
Epoch 13/100 — train: 0.003176, val: 0.003012 | PSNR: 25.54 dB, SSIM: 0.9381
⇢ learning rate is now 1.00e-03
Epoch 14/100 — train: 0.003062, val: 0.003092 | PSNR: 25.39 dB, SSIM: 0.9470
⇢ learning rate is now 1.00e-03
Epoch 15/100 — train: 0.003006, val: 0.002690 | PSNR: 26.15 dB, SSIM: 0.9508
⇢ learning rate is now 1.00e-03
Epoch 16/100 — train: 0.002913, val: 0.006573 | PSNR: 21.94 dB, SSIM: 0.9312
⇢ learning rate is now 1.00e-03
Epoch 17/100 — train: 0.002958, val: 0.002667 | PSNR: 26.22 dB, SSIM: 0.9517
⇢ learning rate is now 1.00e-03
Epoch 18/100 — train: 0.002875, val: 0.002879 | PSNR: 25.75 dB, SSIM: 0.9522
⇢ learning rate is now 1.00e-03
Epoch 19/100 — train: 0.002945, val: 0.002643 | PSNR: 26.36 dB, SSIM: 0.9524
⇢ learning rate is now 1.00e-03
Epoch 20/100 — train: 0.002803, val: 0.002992 | PSNR: 25.60 dB, SSIM: 0.9463
⇢ learning rate is now 1.00e-03
Epoch 21/100 — train: 0.002848, val: 0.003519 | PSNR: 24.74 dB, SSIM: 0.9470
⇢ learning rate is now 1.00e-03
Epoch 22/100 — train: 0.002952, val: 0.002806 | PSNR: 25.89 dB, SSIM: 0.9432
⇢ learning rate is now 1.00e-03
Epoch 23/100 — train: 0.002837, val: 0.002782 | PSNR: 26.09 dB, SSIM: 0.9529
⇢ learning rate is now 1.00e-03
Epoch 24/100 — train: 0.002802, val: 0.002999 | PSNR: 25.54 dB, SSIM: 0.9435
⇢ learning rate is now 1.00e-03
Epoch 25/100 — train: 0.002844, val: 0.002629 | PSNR: 26.11 dB, SSIM: 0.9504
⇢ learning rate is now 1.00e-03
Epoch 26/100 — train: 0.002775, val: 0.002500 | PSNR: 26.50 dB, SSIM: 0.9529
⇢ learning rate is now 1.00e-03
Epoch 27/100 — train: 0.002761, val: 0.002807 | PSNR: 26.12 dB, SSIM: 0.9511
⇢ learning rate is now 1.00e-03
Epoch 28/100 — train: 0.002698, val: 0.005493 | PSNR: 22.78 dB, SSIM: 0.9365
⇢ learning rate is now 1.00e-03
Epoch 29/100 — train: 0.002746, val: 0.003179 | PSNR: 25.37 dB, SSIM: 0.9516
⇢ learning rate is now 1.00e-03
Epoch 30/100 — train: 0.002735, val: 0.003527 | PSNR: 24.71 dB, SSIM: 0.9445
⇢ learning rate is now 1.00e-03
Epoch 31/100 — train: 0.002741, val: 0.002792 | PSNR: 26.01 dB, SSIM: 0.9511
⇢ learning rate is now 1.00e-03
Epoch 32/100 — train: 0.002698, val: 0.002648 | PSNR: 26.27 dB, SSIM: 0.9510
⇢ learning rate is now 5.00e-04
Epoch 33/100 — train: 0.002470, val: 0.002675 | PSNR: 26.10 dB, SSIM: 0.9507
⇢ learning rate is now 5.00e-04
Epoch 34/100 — train: 0.002503, val: 0.003260 | PSNR: 25.17 dB, SSIM: 0.9528
⇢ learning rate is now 5.00e-04
Epoch 35/100 — train: 0.002455, val: 0.002183 | PSNR: 27.24 dB, SSIM: 0.9568
⇢ learning rate is now 5.00e-04
Epoch 36/100 — train: 0.002404, val: 0.002469 | PSNR: 26.75 dB, SSIM: 0.9554
⇢ learning rate is now 5.00e-04
Epoch 37/100 — train: 0.002440, val: 0.002481 | PSNR: 26.47 dB, SSIM: 0.9544
⇢ learning rate is now 5.00e-04
Epoch 38/100 — train: 0.002433, val: 0.002476 | PSNR: 26.48 dB, SSIM: 0.9554
⇢ learning rate is now 5.00e-04
Epoch 39/100 — train: 0.002405, val: 0.002376 | PSNR: 26.86 dB, SSIM: 0.9568
⇢ learning rate is now 5.00e-04
Epoch 40/100 — train: 0.002465, val: 0.002695 | PSNR: 26.07 dB, SSIM: 0.9518
⇢ learning rate is now 5.00e-04
Epoch 41/100 — train: 0.002397, val: 0.002334 | PSNR: 26.83 dB, SSIM: 0.9547
⇢ learning rate is now 2.50e-04
Epoch 42/100 — train: 0.002288, val: 0.002220 | PSNR: 27.12 dB, SSIM: 0.9558
⇢ learning rate is now 2.50e-04
Epoch 43/100 — train: 0.002289, val: 0.002034 | PSNR: 27.44 dB, SSIM: 0.9581
⇢ learning rate is now 2.50e-04
Epoch 44/100 — train: 0.002301, val: 0.002490 | PSNR: 26.50 dB, SSIM: 0.9563
⇢ learning rate is now 2.50e-04
Epoch 45/100 — train: 0.002274, val: 0.002132 | PSNR: 27.41 dB, SSIM: 0.9592
⇢ learning rate is now 2.50e-04
Epoch 46/100 — train: 0.002244, val: 0.002250 | PSNR: 27.07 dB, SSIM: 0.9555
⇢ learning rate is now 2.50e-04
Epoch 47/100 — train: 0.002231, val: 0.002241 | PSNR: 27.05 dB, SSIM: 0.9554
⇢ learning rate is now 2.50e-04
Epoch 48/100 — train: 0.002250, val: 0.002257 | PSNR: 27.11 dB, SSIM: 0.9570
⇢ learning rate is now 2.50e-04
Epoch 49/100 — train: 0.002277, val: 0.002081 | PSNR: 27.26 dB, SSIM: 0.9581
⇢ learning rate is now 1.25e-04
Epoch 50/100 — train: 0.002163, val: 0.002153 | PSNR: 27.15 dB, SSIM: 0.9574
⇢ learning rate is now 1.25e-04
Epoch 51/100 — train: 0.002170, val: 0.002201 | PSNR: 26.98 dB, SSIM: 0.9545
⇢ learning rate is now 1.25e-04
Epoch 52/100 — train: 0.002189, val: 0.002118 | PSNR: 27.33 dB, SSIM: 0.9556
⇢ learning rate is now 1.25e-04
Epoch 53/100 — train: 0.002249, val: 0.002085 | PSNR: 27.27 dB, SSIM: 0.9565
⇢ learning rate is now 1.25e-04
✋ Early stopping at epoch 53
Final Test — Loss: 0.002072, PSNR: 27.41 dB, SSIM: 0.9571
=== JOB_STATISTICS ===
=== current date     : Wed Aug 13 09:37:02 AM CEST 2025
= Job-ID             : 1180966 on tinygpu
= Job-Name           : Unet_model
= Job-Command        : /home/hpc/iwi5/iwi5293h/Debanjana_Master_Thesis/job.sh
= Initial workdir    : /home/hpc/iwi5/iwi5293h/Debanjana_Master_Thesis
= Queue/Partition    : rtx3080
= Slurm account      : iwi5 with QOS=normal
= Requested resources:  for 1-00:00:00
= Elapsed runtime    : 00:29:41
= Total RAM usage    : 15.9 GiB of requested  GiB (%)   
= Node list          : tg085
= Subm/Elig/Start/End: 2025-08-13T09:07:20 / 2025-08-13T09:07:20 / 2025-08-13T09:07:21 / 2025-08-13T09:37:02
======================
=== Quota infos ======
    Path                 Used     SoftQ    HardQ    Gracetime  Filec    FileQ    FiHaQ    FileGrace    
    /home/woody            29.1G  1000.0G  1500.0G        N/A     110K   5,000K   7,500K        N/A    
    /home/hpc              17.5G   104.9G   209.7G        N/A  17,225      500K   1,000K        N/A    
    /home/vault           362.4G  1048.6G  2097.2G        N/A     196K     200K     400K        N/A    
======================
=== GPU utilization ==
gpu_name, gpu_bus_id, pid, gpu_utilization [%], mem_utilization [%], max_memory_usage [MiB], time [ms]
NVIDIA GeForce RTX 3080, 00000000:1B:00.0, 3081756, 91 %, 50 %, 1340 MiB, 1758762 ms
