### Starting TaskPrologue of job 1114078 on tg082 at Sun Jul  6 01:15:55 PM CEST 2025
Running on cores 0-1,16-17,32-33,48-49 with governor powersave
Sun Jul  6 13:15:55 2025       
+-----------------------------------------------------------------------------------------+
| NVIDIA-SMI 575.57.08              Driver Version: 575.57.08      CUDA Version: 12.9     |
|-----------------------------------------+------------------------+----------------------+
| GPU  Name                 Persistence-M | Bus-Id          Disp.A | Volatile Uncorr. ECC |
| Fan  Temp   Perf          Pwr:Usage/Cap |           Memory-Usage | GPU-Util  Compute M. |
|                                         |                        |               MIG M. |
|=========================================+========================+======================|
|   0  NVIDIA GeForce RTX 3080        On  |   00000000:1A:00.0 Off |                  N/A |
|ERR!   41C    P2            103W /  300W |       1MiB /  10240MiB |      0%      Default |
|                                         |                        |                  N/A |
+-----------------------------------------+------------------------+----------------------+
                                                                                         
+-----------------------------------------------------------------------------------------+
| Processes:                                                                              |
|  GPU   GI   CI              PID   Type   Process name                        GPU Memory |
|        ID   ID                                                               Usage      |
|=========================================================================================|
|  No running processes found                                                             |
+-----------------------------------------------------------------------------------------+
### Finished TaskPrologue

Starting evaluation…
=== JOB_STATISTICS ===
=== current date     : Sun Jul  6 01:16:00 PM CEST 2025
= Job-ID             : 1114078 on tinygpu
= Job-Name           : evaluate
= Job-Command        : /home/hpc/iwi5/iwi5293h/Debanjana_Master_Thesis/job.sh
= Initial workdir    : /home/hpc/iwi5/iwi5293h/Debanjana_Master_Thesis
= Queue/Partition    : rtx3080
= Slurm account      : iwi5 with QOS=normal
= Requested resources:  for 1-00:00:00
= Elapsed runtime    : 00:00:06
= Total RAM usage    : 0.5 GiB of requested  GiB (%)   
= Node list          : tg082
= Subm/Elig/Start/End: 2025-07-06T13:15:42 / 2025-07-06T13:15:42 / 2025-07-06T13:15:54 / 2025-07-06T13:16:00
======================
=== Quota infos ======
    Path                 Used     SoftQ    HardQ    Gracetime  Filec    FileQ    FiHaQ    FileGrace    
    /home/woody            28.7G  1000.0G  1500.0G        N/A     101K   5,000K   7,500K        N/A    
    /home/hpc              17.0G   104.9G   209.7G        N/A  15,911      500K   1,000K        N/A    
    /home/vault           313.0G  1048.6G  2097.2G        N/A     165K     200K     400K        N/A    
======================
=== GPU utilization ==
gpu_name, gpu_bus_id, pid, gpu_utilization [%], mem_utilization [%], max_memory_usage [MiB], time [ms]
NVIDIA GeForce RTX 3080, 00000000:1A:00.0, 1007767, 0 %, 0 %, 10 MiB, 685 ms
