### Starting TaskPrologue of job 1157743 on tg093 at Tue Aug  5 10:38:14 AM CEST 2025
Running on cores 96-127 with governor ondemand
Tue Aug  5 10:38:14 2025       
+-----------------------------------------------------------------------------------------+
| NVIDIA-SMI 575.57.08              Driver Version: 575.57.08      CUDA Version: 12.9     |
|-----------------------------------------+------------------------+----------------------+
| GPU  Name                 Persistence-M | Bus-Id          Disp.A | Volatile Uncorr. ECC |
| Fan  Temp   Perf          Pwr:Usage/Cap |           Memory-Usage | GPU-Util  Compute M. |
|                                         |                        |               MIG M. |
|=========================================+========================+======================|
|   0  NVIDIA A100-SXM4-40GB          On  |   00000000:C1:00.0 Off |                    0 |
| N/A   35C    P0             52W /  400W |       0MiB /  40960MiB |      0%      Default |
|                                         |                        |             Disabled |
+-----------------------------------------+------------------------+----------------------+
                                                                                         
+-----------------------------------------------------------------------------------------+
| Processes:                                                                              |
|  GPU   GI   CI              PID   Type   Process name                        GPU Memory |
|        ID   ID                                                               Usage      |
|=========================================================================================|
|  No running processes found                                                             |
+-----------------------------------------------------------------------------------------+
### Finished TaskPrologue

✅ Generated artifacted sinograms in: /home/woody/iwi5/iwi5293h/art_sinograms
=== JOB_STATISTICS ===
=== current date     : Tue Aug  5 10:47:16 AM CEST 2025
= Job-ID             : 1157743 on tinygpu
= Job-Name           : add_motion_artifacts
= Job-Command        : /home/hpc/iwi5/iwi5293h/Debanjana_Master_Thesis/job.sh
= Initial workdir    : /home/hpc/iwi5/iwi5293h/Debanjana_Master_Thesis
= Queue/Partition    : a100
= Slurm account      : iwi5 with QOS=normal
= Requested resources:  for 1-00:00:00
= Elapsed runtime    : 00:09:08
= Total RAM usage    : 10.9 GiB of requested  GiB (%)   
= Node list          : tg093
= Subm/Elig/Start/End: 2025-08-05T10:29:42 / 2025-08-05T10:29:42 / 2025-08-05T10:38:07 / 2025-08-05T10:47:15
======================
=== Quota infos ======
    Path                 Used     SoftQ    HardQ    Gracetime  Filec    FileQ    FiHaQ    FileGrace    
    /home/hpc              16.7G   104.9G   209.7G        N/A  14,629      500K   1,000K        N/A    
    /home/woody            25.3G  1000.0G  1500.0G        N/A     102K   5,000K   7,500K        N/A    
    /home/vault           357.3G  1048.6G  2097.2G        N/A     196K     200K     400K        N/A    
======================
=== GPU utilization ==
gpu_name, gpu_bus_id, pid, gpu_utilization [%], mem_utilization [%], max_memory_usage [MiB], time [ms]
