### Starting TaskPrologue of job 1167779 on tg080 at Fri Aug  8 03:49:54 PM CEST 2025
Running on cores 8-9,24-25,40-41,56-57 with governor powersave
Fri Aug  8 15:49:54 2025       
+-----------------------------------------------------------------------------------------+
| NVIDIA-SMI 575.57.08              Driver Version: 575.57.08      CUDA Version: 12.9     |
|-----------------------------------------+------------------------+----------------------+
| GPU  Name                 Persistence-M | Bus-Id          Disp.A | Volatile Uncorr. ECC |
| Fan  Temp   Perf          Pwr:Usage/Cap |           Memory-Usage | GPU-Util  Compute M. |
|                                         |                        |               MIG M. |
|=========================================+========================+======================|
|   0  NVIDIA GeForce RTX 3080        On  |   00000000:B1:00.0 Off |                  N/A |
| 30%   33C    P8             20W /  300W |       1MiB /  10240MiB |      0%      Default |
|                                         |                        |                  N/A |
+-----------------------------------------+------------------------+----------------------+
                                                                                         
+-----------------------------------------------------------------------------------------+
| Processes:                                                                              |
|  GPU   GI   CI              PID   Type   Process name                        GPU Memory |
|        ID   ID                                                               Usage      |
|=========================================================================================|
|  No running processes found                                                             |
+-----------------------------------------------------------------------------------------+
### Finished TaskPrologue

✅ Finished: wrote 10000 sinograms (limit 10000) to /home/woody/iwi5/iwi5293h/clean_sinograms
=== JOB_STATISTICS ===
=== current date     : Fri Aug  8 04:00:58 PM CEST 2025
= Job-ID             : 1167779 on tinygpu
= Job-Name           : dicom_to_sinogram
= Job-Command        : /home/hpc/iwi5/iwi5293h/Debanjana_Master_Thesis/job.sh
= Initial workdir    : /home/hpc/iwi5/iwi5293h/Debanjana_Master_Thesis
= Queue/Partition    : rtx3080
= Slurm account      : iwi5 with QOS=normal
= Requested resources:  for 1-00:00:00
= Elapsed runtime    : 00:11:03
= Total RAM usage    : 10.5 GiB of requested  GiB (%)   
= Node list          : tg080
= Subm/Elig/Start/End: 2025-08-08T15:49:53 / 2025-08-08T15:49:53 / 2025-08-08T15:49:54 / 2025-08-08T16:00:57
======================
=== Quota infos ======
    Path                 Used     SoftQ    HardQ    Gracetime  Filec    FileQ    FiHaQ    FileGrace    
    /home/woody            28.9G  1000.0G  1500.0G        N/A     107K   5,000K   7,500K        N/A    
    /home/hpc              17.0G   104.9G   209.7G        N/A  14,975      500K   1,000K        N/A    
    /home/vault           357.3G  1048.6G  2097.2G        N/A     196K     200K     400K        N/A    
======================
=== GPU utilization ==
gpu_name, gpu_bus_id, pid, gpu_utilization [%], mem_utilization [%], max_memory_usage [MiB], time [ms]
NVIDIA GeForce RTX 3080, 00000000:B1:00.0, 1525806, 39 %, 0 %, 252 MiB, 658525 ms
