### Starting TaskPrologue of job 1287644 on tg071 at Thu Oct 23 10:09:00 PM CEST 2025
Running on cores 6-7,14-15,22-23,30-31 with governor ondemand
Thu Oct 23 22:09:00 2025       
+-----------------------------------------------------------------------------------------+
| NVIDIA-SMI 570.195.03             Driver Version: 570.195.03     CUDA Version: 12.8     |
|-----------------------------------------+------------------------+----------------------+
| GPU  Name                 Persistence-M | Bus-Id          Disp.A | Volatile Uncorr. ECC |
| Fan  Temp   Perf          Pwr:Usage/Cap |           Memory-Usage | GPU-Util  Compute M. |
|                                         |                        |               MIG M. |
|=========================================+========================+======================|
|   0  Tesla V100-PCIE-32GB           Off |   00000000:AF:00.0 Off |                    0 |
| N/A   29C    P0             25W /  250W |       0MiB /  32768MiB |      0%      Default |
|                                         |                        |                  N/A |
+-----------------------------------------+------------------------+----------------------+
                                                                                         
+-----------------------------------------------------------------------------------------+
| Processes:                                                                              |
|  GPU   GI   CI              PID   Type   Process name                        GPU Memory |
|        ID   ID                                                               Usage      |
|=========================================================================================|
|  No running processes found                                                             |
+-----------------------------------------------------------------------------------------+
### Finished TaskPrologue

TRY: /home/hpc/iwi5/iwi5293h/Debanjana_Master_Thesis
SwinIR: True
basicsr: True
Starting training with model=replk…
→ Checkpoints will be saved to: /home/vault/iwi5/iwi5293h/models/replknet
drop path: Identity()
drop path: Identity()
drop path: Identity()
drop path: Identity()
drop path: Identity()
drop path: Identity()
drop path: Identity()
drop path: Identity()
drop path: Identity()
drop path: Identity()
drop path: Identity()
drop path: Identity()
drop path: Identity()
drop path: Identity()
drop path: Identity()
drop path: Identity()
drop path: Identity()
drop path: Identity()
drop path: Identity()
drop path: Identity()
drop path: Identity()
drop path: Identity()
drop path: Identity()
drop path: Identity()
Model parameters: 21,792,833
Epoch 1/100 — Train: 0.168702, Val: 0.045622 | PSNR: 14.06 dB, SSIM: 0.6458
⇢ learning rate is now 1.00e-03
Epoch 2/100 — Train: 0.028551, Val: 0.035928 | PSNR: 14.55 dB, SSIM: 0.6503
⇢ learning rate is now 1.00e-03
Epoch 3/100 — Train: 0.026412, Val: 0.030033 | PSNR: 15.26 dB, SSIM: 0.6625
⇢ learning rate is now 1.00e-03
Epoch 4/100 — Train: 0.024906, Val: 0.025857 | PSNR: 15.92 dB, SSIM: 0.6718
⇢ learning rate is now 1.00e-03
Epoch 5/100 — Train: 0.024907, Val: 0.023903 | PSNR: 16.25 dB, SSIM: 0.6745
⇢ learning rate is now 1.00e-03
Epoch 6/100 — Train: 0.024155, Val: 0.024245 | PSNR: 16.20 dB, SSIM: 0.6734
⇢ learning rate is now 1.00e-03
Epoch 7/100 — Train: 0.024165, Val: 0.023914 | PSNR: 16.28 dB, SSIM: 0.6762
⇢ learning rate is now 1.00e-03
Epoch 8/100 — Train: 0.023643, Val: 0.024500 | PSNR: 16.17 dB, SSIM: 0.6703
⇢ learning rate is now 1.00e-03
Epoch 9/100 — Train: 0.023509, Val: 0.023227 | PSNR: 16.39 dB, SSIM: 0.6769
⇢ learning rate is now 1.00e-03
Epoch 10/100 — Train: 0.023488, Val: 0.023629 | PSNR: 16.31 dB, SSIM: 0.6736
⇢ learning rate is now 1.00e-03
Epoch 11/100 — Train: 0.023201, Val: 0.023380 | PSNR: 16.36 dB, SSIM: 0.6821
⇢ learning rate is now 1.00e-03
Epoch 12/100 — Train: 0.022939, Val: 0.023760 | PSNR: 16.28 dB, SSIM: 0.6790
⇢ learning rate is now 1.00e-03
Epoch 13/100 — Train: 0.022767, Val: 0.022875 | PSNR: 16.45 dB, SSIM: 0.6846
⇢ learning rate is now 1.00e-03
Epoch 14/100 — Train: 0.022846, Val: 0.022548 | PSNR: 16.52 dB, SSIM: 0.6767
⇢ learning rate is now 1.00e-03
Epoch 15/100 — Train: 0.022623, Val: 0.022567 | PSNR: 16.53 dB, SSIM: 0.6831
⇢ learning rate is now 1.00e-03
Epoch 16/100 — Train: 0.022725, Val: 0.022946 | PSNR: 16.46 dB, SSIM: 0.6814
⇢ learning rate is now 1.00e-03
Epoch 17/100 — Train: 0.022909, Val: 0.023276 | PSNR: 16.38 dB, SSIM: 0.6785
⇢ learning rate is now 1.00e-03
Epoch 18/100 — Train: 0.022647, Val: 0.023186 | PSNR: 16.40 dB, SSIM: 0.6806
⇢ learning rate is now 1.00e-03
Epoch 19/100 — Train: 0.022497, Val: 0.021827 | PSNR: 16.67 dB, SSIM: 0.6836
⇢ learning rate is now 1.00e-03
Epoch 20/100 — Train: 0.022584, Val: 0.022044 | PSNR: 16.62 dB, SSIM: 0.6816
⇢ learning rate is now 1.00e-03
Epoch 21/100 — Train: 0.022712, Val: 0.022545 | PSNR: 16.52 dB, SSIM: 0.6800
⇢ learning rate is now 1.00e-03
Epoch 22/100 — Train: 0.022365, Val: 0.022151 | PSNR: 16.60 dB, SSIM: 0.6772
⇢ learning rate is now 1.00e-03
Epoch 23/100 — Train: 0.022336, Val: 0.022096 | PSNR: 16.62 dB, SSIM: 0.6850
⇢ learning rate is now 1.00e-03
Epoch 24/100 — Train: 0.022349, Val: 0.022667 | PSNR: 16.50 dB, SSIM: 0.6786
⇢ learning rate is now 1.00e-03
Epoch 25/100 — Train: 0.022332, Val: 0.022463 | PSNR: 16.54 dB, SSIM: 0.6791
⇢ learning rate is now 5.00e-04
Epoch 26/100 — Train: 0.022199, Val: 0.021918 | PSNR: 16.66 dB, SSIM: 0.6809
⇢ learning rate is now 5.00e-04
Epoch 27/100 — Train: 0.022176, Val: 0.022094 | PSNR: 16.60 dB, SSIM: 0.6824
⇢ learning rate is now 5.00e-04
Epoch 28/100 — Train: 0.021948, Val: 0.021665 | PSNR: 16.70 dB, SSIM: 0.6783
⇢ learning rate is now 5.00e-04
Epoch 29/100 — Train: 0.022042, Val: 0.021987 | PSNR: 16.66 dB, SSIM: 0.6804
⇢ learning rate is now 5.00e-04
Epoch 30/100 — Train: 0.022185, Val: 0.021756 | PSNR: 16.67 dB, SSIM: 0.6823
⇢ learning rate is now 5.00e-04
Epoch 31/100 — Train: 0.022111, Val: 0.021573 | PSNR: 16.71 dB, SSIM: 0.6817
⇢ learning rate is now 5.00e-04
Epoch 32/100 — Train: 0.021989, Val: 0.022255 | PSNR: 16.57 dB, SSIM: 0.6762
⇢ learning rate is now 5.00e-04
Epoch 33/100 — Train: 0.022159, Val: 0.022022 | PSNR: 16.61 dB, SSIM: 0.6797
⇢ learning rate is now 5.00e-04
Epoch 34/100 — Train: 0.022007, Val: 0.022035 | PSNR: 16.62 dB, SSIM: 0.6774
⇢ learning rate is now 5.00e-04
Epoch 35/100 — Train: 0.022042, Val: 0.022809 | PSNR: 16.47 dB, SSIM: 0.6753
⇢ learning rate is now 5.00e-04
Epoch 36/100 — Train: 0.021956, Val: 0.021866 | PSNR: 16.65 dB, SSIM: 0.6773
⇢ learning rate is now 5.00e-04
Epoch 37/100 — Train: 0.022051, Val: 0.022090 | PSNR: 16.62 dB, SSIM: 0.6754
⇢ learning rate is now 2.50e-04
Epoch 38/100 — Train: 0.021815, Val: 0.022183 | PSNR: 16.58 dB, SSIM: 0.6761
⇢ learning rate is now 2.50e-04
Epoch 39/100 — Train: 0.021964, Val: 0.021578 | PSNR: 16.73 dB, SSIM: 0.6836
⇢ learning rate is now 2.50e-04
Epoch 40/100 — Train: 0.021769, Val: 0.021568 | PSNR: 16.71 dB, SSIM: 0.6820
⇢ learning rate is now 2.50e-04
Epoch 41/100 — Train: 0.021948, Val: 0.021777 | PSNR: 16.68 dB, SSIM: 0.6805
⇢ learning rate is now 2.50e-04
Epoch 42/100 — Train: 0.021888, Val: 0.021628 | PSNR: 16.71 dB, SSIM: 0.6793
⇢ learning rate is now 2.50e-04
Epoch 43/100 — Train: 0.021987, Val: 0.022515 | PSNR: 16.52 dB, SSIM: 0.6772
⇢ learning rate is now 2.50e-04
Epoch 44/100 — Train: 0.021774, Val: 0.021752 | PSNR: 16.69 dB, SSIM: 0.6795
⇢ learning rate is now 2.50e-04
Epoch 45/100 — Train: 0.021816, Val: 0.022089 | PSNR: 16.61 dB, SSIM: 0.6801
⇢ learning rate is now 2.50e-04
Epoch 46/100 — Train: 0.021886, Val: 0.021157 | PSNR: 16.79 dB, SSIM: 0.6835
⇢ learning rate is now 2.50e-04
Epoch 47/100 — Train: 0.021818, Val: 0.021867 | PSNR: 16.65 dB, SSIM: 0.6793
⇢ learning rate is now 2.50e-04
Epoch 48/100 — Train: 0.021944, Val: 0.021800 | PSNR: 16.67 dB, SSIM: 0.6819
⇢ learning rate is now 2.50e-04
Epoch 49/100 — Train: 0.021773, Val: 0.021355 | PSNR: 16.76 dB, SSIM: 0.6855
⇢ learning rate is now 2.50e-04
Epoch 50/100 — Train: 0.021838, Val: 0.021422 | PSNR: 16.76 dB, SSIM: 0.6825
⇢ learning rate is now 2.50e-04
Epoch 51/100 — Train: 0.022019, Val: 0.021072 | PSNR: 16.83 dB, SSIM: 0.6850
⇢ learning rate is now 2.50e-04
Epoch 52/100 — Train: 0.021703, Val: 0.021973 | PSNR: 16.64 dB, SSIM: 0.6778
⇢ learning rate is now 2.50e-04
Epoch 53/100 — Train: 0.021777, Val: 0.022172 | PSNR: 16.59 dB, SSIM: 0.6806
⇢ learning rate is now 2.50e-04
Epoch 54/100 — Train: 0.021877, Val: 0.021775 | PSNR: 16.68 dB, SSIM: 0.6779
⇢ learning rate is now 2.50e-04
Epoch 55/100 — Train: 0.021732, Val: 0.021921 | PSNR: 16.66 dB, SSIM: 0.6788
⇢ learning rate is now 2.50e-04
Epoch 56/100 — Train: 0.021801, Val: 0.021812 | PSNR: 16.67 dB, SSIM: 0.6768
⇢ learning rate is now 2.50e-04
Epoch 57/100 — Train: 0.021910, Val: 0.022192 | PSNR: 16.59 dB, SSIM: 0.6777
⇢ learning rate is now 1.25e-04
Epoch 58/100 — Train: 0.021846, Val: 0.021502 | PSNR: 16.72 dB, SSIM: 0.6789
⇢ learning rate is now 1.25e-04
Epoch 59/100 — Train: 0.021640, Val: 0.021752 | PSNR: 16.68 dB, SSIM: 0.6795
⇢ learning rate is now 1.25e-04
Epoch 60/100 — Train: 0.021671, Val: 0.021969 | PSNR: 16.63 dB, SSIM: 0.6777
⇢ learning rate is now 1.25e-04
Epoch 61/100 — Train: 0.021834, Val: 0.021665 | PSNR: 16.70 dB, SSIM: 0.6778
⇢ learning rate is now 1.25e-04
Early stopping at epoch 61
Saved training curves to /home/hpc/iwi5/iwi5293h/Debanjana_Master_Thesis/scripts/results/plots/replk/training_curves.png
Final Test — Loss: 0.021379, PSNR: 16.75 dB, SSIM: 0.6828
Saved example sinogram comparisons to /home/hpc/iwi5/iwi5293h/Debanjana_Master_Thesis/scripts/results/plots/replk/samples
=== JOB_STATISTICS ===
=== current date     : Thu Oct 23 11:33:17 PM CEST 2025
= Job-ID             : 1287644 on tinygpu
= Job-Name           : Replknet
= Job-Command        : /home/hpc/iwi5/iwi5293h/Debanjana_Master_Thesis/job.sh
= Initial workdir    : /home/hpc/iwi5/iwi5293h/Debanjana_Master_Thesis
= Queue/Partition    : v100
= Slurm account      : iwi5 with QOS=normal
= Requested resources:  for 1-00:00:00
= Elapsed runtime    : 01:24:19
= Total RAM usage    : 15.5 GiB of requested  GiB (%)   
= Node list          : tg071
= Subm/Elig/Start/End: 2025-10-23T22:08:43 / 2025-10-23T22:08:43 / 2025-10-23T22:08:44 / 2025-10-23T23:33:03
======================
=== Quota infos ======
    Path                 Used     SoftQ    HardQ    Gracetime  Filec    FileQ    FiHaQ    FileGrace    
    /home/woody            32.2G  1000.0G  1500.0G        N/A     158K   5,000K   7,500K        N/A    
    /home/hpc              18.5G   104.9G   209.7G        N/A  21,730      500K   1,000K        N/A    
    /home/vault           366.2G  1048.6G  2097.2G        N/A     196K     200K     400K        N/A    
======================
=== GPU utilization ==
gpu_name, gpu_bus_id, pid, gpu_utilization [%], mem_utilization [%], max_memory_usage [MiB], time [ms]
Tesla V100-PCIE-32GB, 00000000:AF:00.0, 3085330, 64 %, 6 %, 1376 MiB, 5040343 ms
