### Starting TaskPrologue of job 1181368 on tg085 at Wed Aug 13 09:40:55 AM CEST 2025
Running on cores 2-3,18-19,34-35,50-51 with governor powersave
Wed Aug 13 09:40:55 2025       
+-----------------------------------------------------------------------------------------+
| NVIDIA-SMI 575.57.08              Driver Version: 575.57.08      CUDA Version: 12.9     |
|-----------------------------------------+------------------------+----------------------+
| GPU  Name                 Persistence-M | Bus-Id          Disp.A | Volatile Uncorr. ECC |
| Fan  Temp   Perf          Pwr:Usage/Cap |           Memory-Usage | GPU-Util  Compute M. |
|                                         |                        |               MIG M. |
|=========================================+========================+======================|
|   0  NVIDIA GeForce RTX 3080        On  |   00000000:1B:00.0 Off |                  N/A |
| 30%   40C    P8             14W /  300W |       1MiB /  10240MiB |      0%      Default |
|                                         |                        |                  N/A |
+-----------------------------------------+------------------------+----------------------+
                                                                                         
+-----------------------------------------------------------------------------------------+
| Processes:                                                                              |
|  GPU   GI   CI              PID   Type   Process name                        GPU Memory |
|        ID   ID                                                               Usage      |
|=========================================================================================|
|  No running processes found                                                             |
+-----------------------------------------------------------------------------------------+
### Finished TaskPrologue

TRY: /home/hpc/iwi5/iwi5293h/Debanjana_Master_Thesis
SwinIR: True
basicsr: True
Starting training with model=replk…
→ Checkpoints will be saved to: /home/vault/iwi5/iwi5293h/models/replknet
drop path: Identity()
drop path: Identity()
drop path: Identity()
drop path: Identity()
drop path: Identity()
drop path: Identity()
drop path: Identity()
drop path: Identity()
drop path: Identity()
drop path: Identity()
drop path: Identity()
drop path: Identity()
drop path: Identity()
drop path: Identity()
drop path: Identity()
drop path: Identity()
drop path: Identity()
drop path: Identity()
drop path: Identity()
drop path: Identity()
drop path: Identity()
drop path: Identity()
drop path: Identity()
drop path: Identity()
Model parameters: 21,792,833
Epoch 1/100 — train: 0.177212, val: 0.041680 | PSNR: 14.01 dB, SSIM: 0.6384
⇢ learning rate is now 1.00e-03
Epoch 2/100 — train: 0.028572, val: 0.026997 | PSNR: 15.72 dB, SSIM: 0.6717
⇢ learning rate is now 1.00e-03
Epoch 3/100 — train: 0.026332, val: 0.029308 | PSNR: 15.36 dB, SSIM: 0.6602
⇢ learning rate is now 1.00e-03
Epoch 4/100 — train: 0.025203, val: 0.025952 | PSNR: 15.90 dB, SSIM: 0.6735
⇢ learning rate is now 1.00e-03
Epoch 5/100 — train: 0.024761, val: 0.023975 | PSNR: 16.24 dB, SSIM: 0.6726
⇢ learning rate is now 1.00e-03
Epoch 6/100 — train: 0.024243, val: 0.023504 | PSNR: 16.33 dB, SSIM: 0.6792
⇢ learning rate is now 1.00e-03
Epoch 7/100 — train: 0.024152, val: 0.024218 | PSNR: 16.23 dB, SSIM: 0.6792
⇢ learning rate is now 1.00e-03
Epoch 8/100 — train: 0.023772, val: 0.024131 | PSNR: 16.24 dB, SSIM: 0.6740
⇢ learning rate is now 1.00e-03
Epoch 9/100 — train: 0.023595, val: 0.023501 | PSNR: 16.34 dB, SSIM: 0.6757
⇢ learning rate is now 1.00e-03
Epoch 10/100 — train: 0.023591, val: 0.023406 | PSNR: 16.35 dB, SSIM: 0.6771
⇢ learning rate is now 1.00e-03
Epoch 11/100 — train: 0.023258, val: 0.023482 | PSNR: 16.34 dB, SSIM: 0.6827
⇢ learning rate is now 1.00e-03
Epoch 12/100 — train: 0.023015, val: 0.024573 | PSNR: 16.13 dB, SSIM: 0.6795
⇢ learning rate is now 1.00e-03
Epoch 13/100 — train: 0.022759, val: 0.022458 | PSNR: 16.53 dB, SSIM: 0.6844
⇢ learning rate is now 1.00e-03
Epoch 14/100 — train: 0.022796, val: 0.022608 | PSNR: 16.51 dB, SSIM: 0.6784
⇢ learning rate is now 1.00e-03
Epoch 15/100 — train: 0.022664, val: 0.022616 | PSNR: 16.52 dB, SSIM: 0.6831
⇢ learning rate is now 1.00e-03
Epoch 16/100 — train: 0.022712, val: 0.022606 | PSNR: 16.52 dB, SSIM: 0.6840
⇢ learning rate is now 1.00e-03
Epoch 17/100 — train: 0.022862, val: 0.023173 | PSNR: 16.40 dB, SSIM: 0.6786
⇢ learning rate is now 1.00e-03
Epoch 18/100 — train: 0.022656, val: 0.024735 | PSNR: 16.10 dB, SSIM: 0.6704
⇢ learning rate is now 1.00e-03
Epoch 19/100 — train: 0.022594, val: 0.021835 | PSNR: 16.66 dB, SSIM: 0.6818
⇢ learning rate is now 1.00e-03
Epoch 20/100 — train: 0.022600, val: 0.022333 | PSNR: 16.56 dB, SSIM: 0.6842
⇢ learning rate is now 1.00e-03
Epoch 21/100 — train: 0.022695, val: 0.022643 | PSNR: 16.50 dB, SSIM: 0.6765
⇢ learning rate is now 1.00e-03
Epoch 22/100 — train: 0.022423, val: 0.022325 | PSNR: 16.56 dB, SSIM: 0.6816
⇢ learning rate is now 1.00e-03
Epoch 23/100 — train: 0.022367, val: 0.022437 | PSNR: 16.55 dB, SSIM: 0.6861
⇢ learning rate is now 1.00e-03
Epoch 24/100 — train: 0.022374, val: 0.023210 | PSNR: 16.40 dB, SSIM: 0.6789
⇢ learning rate is now 1.00e-03
Epoch 25/100 — train: 0.022363, val: 0.023144 | PSNR: 16.41 dB, SSIM: 0.6803
⇢ learning rate is now 5.00e-04
Epoch 26/100 — train: 0.022208, val: 0.021751 | PSNR: 16.69 dB, SSIM: 0.6832
⇢ learning rate is now 5.00e-04
Epoch 27/100 — train: 0.022194, val: 0.022308 | PSNR: 16.56 dB, SSIM: 0.6801
⇢ learning rate is now 5.00e-04
Epoch 28/100 — train: 0.021945, val: 0.021896 | PSNR: 16.65 dB, SSIM: 0.6801
⇢ learning rate is now 5.00e-04
Epoch 29/100 — train: 0.022038, val: 0.021890 | PSNR: 16.67 dB, SSIM: 0.6817
⇢ learning rate is now 5.00e-04
Epoch 30/100 — train: 0.022177, val: 0.021979 | PSNR: 16.63 dB, SSIM: 0.6842
⇢ learning rate is now 5.00e-04
Epoch 31/100 — train: 0.022123, val: 0.021851 | PSNR: 16.66 dB, SSIM: 0.6829
⇢ learning rate is now 5.00e-04
Epoch 32/100 — train: 0.021994, val: 0.022485 | PSNR: 16.53 dB, SSIM: 0.6746
⇢ learning rate is now 2.50e-04
Epoch 33/100 — train: 0.022062, val: 0.021682 | PSNR: 16.68 dB, SSIM: 0.6811
⇢ learning rate is now 2.50e-04
Epoch 34/100 — train: 0.021882, val: 0.022102 | PSNR: 16.60 dB, SSIM: 0.6786
⇢ learning rate is now 2.50e-04
Epoch 35/100 — train: 0.021914, val: 0.022790 | PSNR: 16.47 dB, SSIM: 0.6759
⇢ learning rate is now 2.50e-04
Epoch 36/100 — train: 0.021846, val: 0.021857 | PSNR: 16.66 dB, SSIM: 0.6786
⇢ learning rate is now 2.50e-04
Epoch 37/100 — train: 0.021931, val: 0.021945 | PSNR: 16.64 dB, SSIM: 0.6777
⇢ learning rate is now 2.50e-04
Epoch 38/100 — train: 0.021811, val: 0.022246 | PSNR: 16.57 dB, SSIM: 0.6767
⇢ learning rate is now 2.50e-04
Epoch 39/100 — train: 0.021962, val: 0.021586 | PSNR: 16.73 dB, SSIM: 0.6839
⇢ learning rate is now 2.50e-04
Epoch 40/100 — train: 0.021771, val: 0.021757 | PSNR: 16.67 dB, SSIM: 0.6826
⇢ learning rate is now 2.50e-04
Epoch 41/100 — train: 0.021936, val: 0.021816 | PSNR: 16.67 dB, SSIM: 0.6806
⇢ learning rate is now 2.50e-04
Epoch 42/100 — train: 0.021900, val: 0.021790 | PSNR: 16.67 dB, SSIM: 0.6813
⇢ learning rate is now 2.50e-04
Epoch 43/100 — train: 0.021985, val: 0.022457 | PSNR: 16.53 dB, SSIM: 0.6785
⇢ learning rate is now 2.50e-04
Epoch 44/100 — train: 0.021772, val: 0.021873 | PSNR: 16.66 dB, SSIM: 0.6812
⇢ learning rate is now 2.50e-04
Epoch 45/100 — train: 0.021832, val: 0.022024 | PSNR: 16.62 dB, SSIM: 0.6807
⇢ learning rate is now 1.25e-04
Epoch 46/100 — train: 0.021819, val: 0.021348 | PSNR: 16.75 dB, SSIM: 0.6848
⇢ learning rate is now 1.25e-04
Epoch 47/100 — train: 0.021753, val: 0.021769 | PSNR: 16.67 dB, SSIM: 0.6800
⇢ learning rate is now 1.25e-04
Epoch 48/100 — train: 0.021883, val: 0.021821 | PSNR: 16.67 dB, SSIM: 0.6827
⇢ learning rate is now 1.25e-04
Epoch 49/100 — train: 0.021711, val: 0.021291 | PSNR: 16.78 dB, SSIM: 0.6851
⇢ learning rate is now 1.25e-04
Epoch 50/100 — train: 0.021780, val: 0.021282 | PSNR: 16.79 dB, SSIM: 0.6829
⇢ learning rate is now 1.25e-04
Epoch 51/100 — train: 0.021954, val: 0.021073 | PSNR: 16.83 dB, SSIM: 0.6846
⇢ learning rate is now 1.25e-04
Epoch 52/100 — train: 0.021644, val: 0.021924 | PSNR: 16.65 dB, SSIM: 0.6790
⇢ learning rate is now 1.25e-04
Epoch 53/100 — train: 0.021702, val: 0.022138 | PSNR: 16.60 dB, SSIM: 0.6803
⇢ learning rate is now 1.25e-04
Epoch 54/100 — train: 0.021797, val: 0.021755 | PSNR: 16.68 dB, SSIM: 0.6785
⇢ learning rate is now 1.25e-04
Epoch 55/100 — train: 0.021675, val: 0.021913 | PSNR: 16.66 dB, SSIM: 0.6789
⇢ learning rate is now 1.25e-04
Epoch 56/100 — train: 0.021733, val: 0.021759 | PSNR: 16.68 dB, SSIM: 0.6781
⇢ learning rate is now 1.25e-04
Epoch 57/100 — train: 0.021859, val: 0.022167 | PSNR: 16.59 dB, SSIM: 0.6780
⇢ learning rate is now 6.25e-05
Epoch 58/100 — train: 0.021809, val: 0.021544 | PSNR: 16.71 dB, SSIM: 0.6799
⇢ learning rate is now 6.25e-05
Epoch 59/100 — train: 0.021592, val: 0.021722 | PSNR: 16.69 dB, SSIM: 0.6800
⇢ learning rate is now 6.25e-05
Epoch 60/100 — train: 0.021638, val: 0.022013 | PSNR: 16.62 dB, SSIM: 0.6785
⇢ learning rate is now 6.25e-05
Epoch 61/100 — train: 0.021803, val: 0.021654 | PSNR: 16.70 dB, SSIM: 0.6785
⇢ learning rate is now 6.25e-05
✋ Early stopping at epoch 61
Final Test — Loss: 0.021398, PSNR: 16.75 dB, SSIM: 0.6834
=== JOB_STATISTICS ===
=== current date     : Wed Aug 13 11:01:00 AM CEST 2025
= Job-ID             : 1181368 on tinygpu
= Job-Name           : REPLKNET
= Job-Command        : /home/hpc/iwi5/iwi5293h/Debanjana_Master_Thesis/job.sh
= Initial workdir    : /home/hpc/iwi5/iwi5293h/Debanjana_Master_Thesis
= Queue/Partition    : rtx3080
= Slurm account      : iwi5 with QOS=normal
= Requested resources:  for 1-00:00:00
= Elapsed runtime    : 01:20:14
= Total RAM usage    : 15.7 GiB of requested  GiB (%)   
= Node list          : tg085
= Subm/Elig/Start/End: 2025-08-13T09:40:44 / 2025-08-13T09:40:44 / 2025-08-13T09:40:46 / 2025-08-13T11:01:00
======================
=== Quota infos ======
    Path                 Used     SoftQ    HardQ    Gracetime  Filec    FileQ    FiHaQ    FileGrace    
    /home/woody            29.1G  1000.0G  1500.0G        N/A     110K   5,000K   7,500K        N/A    
    /home/hpc              17.5G   104.9G   209.7G        N/A  17,227      500K   1,000K        N/A    
    /home/vault           363.6G  1048.6G  2097.2G        N/A     196K     200K     400K        N/A    
======================
=== GPU utilization ==
gpu_name, gpu_bus_id, pid, gpu_utilization [%], mem_utilization [%], max_memory_usage [MiB], time [ms]
NVIDIA GeForce RTX 3080, 00000000:1B:00.0, 3090991, 53 %, 7 %, 1132 MiB, 4796325 ms
