### Starting TaskPrologue of job 1288300 on tg071 at Fri Oct 24 01:33:56 PM CEST 2025
Running on cores 6-7,14-15,22-23,30-31 with governor ondemand
Fri Oct 24 13:33:56 2025       
+-----------------------------------------------------------------------------------------+
| NVIDIA-SMI 570.195.03             Driver Version: 570.195.03     CUDA Version: 12.8     |
|-----------------------------------------+------------------------+----------------------+
| GPU  Name                 Persistence-M | Bus-Id          Disp.A | Volatile Uncorr. ECC |
| Fan  Temp   Perf          Pwr:Usage/Cap |           Memory-Usage | GPU-Util  Compute M. |
|                                         |                        |               MIG M. |
|=========================================+========================+======================|
|   0  Tesla V100-PCIE-32GB           Off |   00000000:AF:00.0 Off |                    0 |
| N/A   29C    P0             25W /  250W |       0MiB /  32768MiB |      0%      Default |
|                                         |                        |                  N/A |
+-----------------------------------------+------------------------+----------------------+
                                                                                         
+-----------------------------------------------------------------------------------------+
| Processes:                                                                              |
|  GPU   GI   CI              PID   Type   Process name                        GPU Memory |
|        ID   ID                                                               Usage      |
|=========================================================================================|
|  No running processes found                                                             |
+-----------------------------------------------------------------------------------------+
### Finished TaskPrologue

TRY: /home/hpc/iwi5/iwi5293h/Debanjana_Master_Thesis
SwinIR: True
basicsr: True
Starting training with model=restormer…
→ Checkpoints will be saved to: /home/vault/iwi5/iwi5293h/models/restormer
Model parameters: 12,163,286
Epoch 1/100 — Train: 30738.425231, Val: 0.337746 | PSNR: 4.80 dB, SSIM: 0.0463
⇢ learning rate is now 1.00e-03
Epoch 2/100 — Train: 6357975529.338486, Val: 225268.711937 | PSNR: -53.45 dB, SSIM: 0.0000
⇢ learning rate is now 1.00e-03
Epoch 3/100 — Train: 81004.210249, Val: 10163.501292 | PSNR: -39.97 dB, SSIM: 0.0000
⇢ learning rate is now 1.00e-03
Epoch 4/100 — Train: 4751.256924, Val: 1215.992256 | PSNR: -30.75 dB, SSIM: 0.0000
⇢ learning rate is now 1.00e-03
Epoch 5/100 — Train: 3973681659690.691406, Val: 773038422.400000 | PSNR: -88.86 dB, SSIM: 0.0000
⇢ learning rate is now 1.00e-03
Epoch 6/100 — Train: 196440910.097000, Val: 41620616.976000 | PSNR: -76.17 dB, SSIM: 0.0000
⇢ learning rate is now 1.00e-03
Epoch 7/100 — Train: 23433114.812750, Val: 14978644.304000 | PSNR: -71.73 dB, SSIM: 0.0000
⇢ learning rate is now 5.00e-04
Epoch 8/100 — Train: 7037060.731375, Val: 3874924.284000 | PSNR: -65.86 dB, SSIM: 0.0000
⇢ learning rate is now 5.00e-04
Epoch 9/100 — Train: 3927937.025422, Val: 1668630.653750 | PSNR: -62.19 dB, SSIM: 0.0000
⇢ learning rate is now 5.00e-04
Epoch 10/100 — Train: 985321823168.272217, Val: 666098540.544000 | PSNR: -88.21 dB, SSIM: 0.0000
⇢ learning rate is now 5.00e-04
Epoch 11/100 — Train: 225740831.660500, Val: 44455917.684000 | PSNR: -76.42 dB, SSIM: 0.0000
⇢ learning rate is now 5.00e-04
Early stopping at epoch 11
Saved training curves to /home/hpc/iwi5/iwi5293h/Debanjana_Master_Thesis/scripts/results/plots/restormer/training_curves.png
Final Test — Loss: 45064915.672000, PSNR: -76.49 dB, SSIM: 0.0000
Saved example sinogram comparisons to /home/hpc/iwi5/iwi5293h/Debanjana_Master_Thesis/scripts/results/plots/restormer/samples
=== JOB_STATISTICS ===
=== current date     : Fri Oct 24 02:53:28 PM CEST 2025
= Job-ID             : 1288300 on tinygpu
= Job-Name           : restormer
= Job-Command        : /home/hpc/iwi5/iwi5293h/Debanjana_Master_Thesis/job.sh
= Initial workdir    : /home/hpc/iwi5/iwi5293h/Debanjana_Master_Thesis
= Queue/Partition    : v100
= Slurm account      : iwi5 with QOS=normal
= Requested resources:  for 1-00:00:00
= Elapsed runtime    : 01:19:32
= Total RAM usage    : 15.0 GiB of requested  GiB (%)   
= Node list          : tg071
= Subm/Elig/Start/End: 2025-10-24T13:33:34 / 2025-10-24T13:33:34 / 2025-10-24T13:33:41 / 2025-10-24T14:53:13
======================
=== Quota infos ======
    Path                 Used     SoftQ    HardQ    Gracetime  Filec    FileQ    FiHaQ    FileGrace    
    /home/woody            32.2G  1000.0G  1500.0G        N/A     158K   5,000K   7,500K        N/A    
    /home/hpc              18.4G   104.9G   209.7G        N/A  21,665      500K   1,000K        N/A    
    /home/vault           366.2G  1048.6G  2097.2G        N/A     196K     200K     400K        N/A    
======================
=== GPU utilization ==
gpu_name, gpu_bus_id, pid, gpu_utilization [%], mem_utilization [%], max_memory_usage [MiB], time [ms]
Tesla V100-PCIE-32GB, 00000000:AF:00.0, 3242745, 82 %, 27 %, 2418 MiB, 3442289 ms
