### Starting TaskPrologue of job 1289696 on tg073 at Sat Oct 25 12:01:19 PM CEST 2025
Running on cores 4-5,12-13,20-21,28-29 with governor ondemand
Sat Oct 25 12:01:19 2025       
+-----------------------------------------------------------------------------------------+
| NVIDIA-SMI 570.195.03             Driver Version: 570.195.03     CUDA Version: 12.8     |
|-----------------------------------------+------------------------+----------------------+
| GPU  Name                 Persistence-M | Bus-Id          Disp.A | Volatile Uncorr. ECC |
| Fan  Temp   Perf          Pwr:Usage/Cap |           Memory-Usage | GPU-Util  Compute M. |
|                                         |                        |               MIG M. |
|=========================================+========================+======================|
|   0  Tesla V100-PCIE-32GB           Off |   00000000:86:00.0 Off |                    0 |
| N/A   32C    P0             24W /  250W |       0MiB /  32768MiB |      0%      Default |
|                                         |                        |                  N/A |
+-----------------------------------------+------------------------+----------------------+
                                                                                         
+-----------------------------------------------------------------------------------------+
| Processes:                                                                              |
|  GPU   GI   CI              PID   Type   Process name                        GPU Memory |
|        ID   ID                                                               Usage      |
|=========================================================================================|
|  No running processes found                                                             |
+-----------------------------------------------------------------------------------------+
### Finished TaskPrologue

=== JOB_STATISTICS ===
=== current date     : Sat Oct 25 12:01:53 PM CEST 2025
= Job-ID             : 1289696 on tinygpu
= Job-Name           : swin2sr
= Job-Command        : /home/hpc/iwi5/iwi5293h/Debanjana_Master_Thesis/job.sh
= Initial workdir    : /home/hpc/iwi5/iwi5293h/Debanjana_Master_Thesis
= Queue/Partition    : v100
= Slurm account      : iwi5 with QOS=normal
= Requested resources:  for 1-00:00:00
= Elapsed runtime    : 00:00:34
= Total RAM usage    : 0.2 GiB of requested  GiB (%)   
= Node list          : tg073
= Subm/Elig/Start/End: 2025-10-25T12:00:53 / 2025-10-25T12:00:53 / 2025-10-25T12:00:54 / 2025-10-25T12:01:28
======================
=== Quota infos ======
    Path                 Used     SoftQ    HardQ    Gracetime  Filec    FileQ    FiHaQ    FileGrace    
    /home/hpc              18.6G   104.9G   209.7G        N/A  21,759      500K   1,000K        N/A    
    /home/woody            32.2G  1000.0G  1500.0G        N/A     158K   5,000K   7,500K        N/A    
======================
=== GPU utilization ==
gpu_name, gpu_bus_id, pid, gpu_utilization [%], mem_utilization [%], max_memory_usage [MiB], time [ms]
