### Starting TaskPrologue of job 1167985 on tg080 at Fri Aug  8 05:35:53 PM CEST 2025
Running on cores 0-1,16-17,32-33,48-49 with governor powersave
Fri Aug  8 17:35:53 2025       
+-----------------------------------------------------------------------------------------+
| NVIDIA-SMI 575.57.08              Driver Version: 575.57.08      CUDA Version: 12.9     |
|-----------------------------------------+------------------------+----------------------+
| GPU  Name                 Persistence-M | Bus-Id          Disp.A | Volatile Uncorr. ECC |
| Fan  Temp   Perf          Pwr:Usage/Cap |           Memory-Usage | GPU-Util  Compute M. |
|                                         |                        |               MIG M. |
|=========================================+========================+======================|
|   0  NVIDIA GeForce RTX 3080        On  |   00000000:1A:00.0 Off |                  N/A |
| 30%   36C    P8             17W /  300W |       1MiB /  10240MiB |      0%      Default |
|                                         |                        |                  N/A |
+-----------------------------------------+------------------------+----------------------+
                                                                                         
+-----------------------------------------------------------------------------------------+
| Processes:                                                                              |
|  GPU   GI   CI              PID   Type   Process name                        GPU Memory |
|        ID   ID                                                               Usage      |
|=========================================================================================|
|  No running processes found                                                             |
+-----------------------------------------------------------------------------------------+
### Finished TaskPrologue

Starting training with model=swinir…
→ Checkpoints will be saved to: /home/vault/iwi5/iwi5293h/models/swinir
Model parameters: 728,865
=== JOB_STATISTICS ===
=== current date     : Fri Aug  8 05:36:04 PM CEST 2025
= Job-ID             : 1167985 on tinygpu
= Job-Name           : SWINIR
= Job-Command        : /home/hpc/iwi5/iwi5293h/Debanjana_Master_Thesis/job.sh
= Initial workdir    : /home/hpc/iwi5/iwi5293h/Debanjana_Master_Thesis
= Queue/Partition    : rtx3080
= Slurm account      : iwi5 with QOS=normal
= Requested resources:  for 1-00:00:00
= Elapsed runtime    : 00:00:10
= Total RAM usage    : 1.2 GiB of requested  GiB (%)   
= Node list          : tg080
= Subm/Elig/Start/End: 2025-08-08T17:35:52 / 2025-08-08T17:35:52 / 2025-08-08T17:35:52 / 2025-08-08T17:36:02
======================
=== Quota infos ======
    Path                 Used     SoftQ    HardQ    Gracetime  Filec    FileQ    FiHaQ    FileGrace    
    /home/woody            28.9G  1000.0G  1500.0G        N/A     107K   5,000K   7,500K        N/A    
    /home/hpc              17.0G   104.9G   209.7G        N/A  14,998      500K   1,000K        N/A    
    /home/vault           356.5G  1048.6G  2097.2G        N/A     196K     200K     400K        N/A    
======================
=== GPU utilization ==
gpu_name, gpu_bus_id, pid, gpu_utilization [%], mem_utilization [%], max_memory_usage [MiB], time [ms]
NVIDIA GeForce RTX 3080, 00000000:1A:00.0, 1551969, 1 %, 0 %, 926 MiB, 3838 ms
Epoch 1/100 — train: 0.021377, val: 0.007987 | PSNR: 21.34 dB, SSIM: 0.9128
⇢ learning rate is now 1.00e-03
Epoch 2/100 — train: 0.008187, val: 0.007053 | PSNR: 21.77 dB, SSIM: 0.9146
⇢ learning rate is now 1.00e-03
Epoch 3/100 — train: 0.007656, val: 0.006361 | PSNR: 22.27 dB, SSIM: 0.9210
⇢ learning rate is now 1.00e-03
Epoch 4/100 — train: 0.006964, val: 0.006321 | PSNR: 22.31 dB, SSIM: 0.9287
⇢ learning rate is now 1.00e-03
Epoch 5/100 — train: 0.006530, val: 0.006278 | PSNR: 22.19 dB, SSIM: 0.9205
⇢ learning rate is now 1.00e-03
Epoch 6/100 — train: 0.006348, val: 0.005485 | PSNR: 22.76 dB, SSIM: 0.9285
⇢ learning rate is now 1.00e-03
Epoch 7/100 — train: 0.006186, val: 0.005744 | PSNR: 22.55 dB, SSIM: 0.9294
⇢ learning rate is now 1.00e-03
Epoch 8/100 — train: 0.006131, val: 0.005311 | PSNR: 22.90 dB, SSIM: 0.9306
⇢ learning rate is now 1.00e-03
Epoch 9/100 — train: 0.005978, val: 0.006141 | PSNR: 22.40 dB, SSIM: 0.9293
⇢ learning rate is now 1.00e-03
Epoch 10/100 — train: 0.005925, val: 0.005983 | PSNR: 22.39 dB, SSIM: 0.9302
⇢ learning rate is now 1.00e-03
Epoch 11/100 — train: 0.005805, val: 0.005873 | PSNR: 22.45 dB, SSIM: 0.9264
⇢ learning rate is now 1.00e-03
Epoch 12/100 — train: 0.005640, val: 0.005623 | PSNR: 22.66 dB, SSIM: 0.9293
⇢ learning rate is now 1.00e-03
Epoch 13/100 — train: 0.005512, val: 0.005198 | PSNR: 22.96 dB, SSIM: 0.9295
⇢ learning rate is now 1.00e-03
Epoch 14/100 — train: 0.005656, val: 0.005277 | PSNR: 22.94 dB, SSIM: 0.9306
⇢ learning rate is now 1.00e-03
Epoch 15/100 — train: 0.005473, val: 0.005233 | PSNR: 22.92 dB, SSIM: 0.9288
⇢ learning rate is now 1.00e-03
Epoch 16/100 — train: 0.005398, val: 0.005209 | PSNR: 22.98 dB, SSIM: 0.9303
⇢ learning rate is now 1.00e-03
Epoch 17/100 — train: 0.005422, val: 0.005272 | PSNR: 22.89 dB, SSIM: 0.9320
⇢ learning rate is now 1.00e-03
Epoch 18/100 — train: 0.005401, val: 0.005087 | PSNR: 23.08 dB, SSIM: 0.9340
⇢ learning rate is now 1.00e-03
Epoch 19/100 — train: 0.005453, val: 0.005002 | PSNR: 23.11 dB, SSIM: 0.9314
⇢ learning rate is now 1.00e-03
Epoch 20/100 — train: 0.005338, val: 0.004980 | PSNR: 23.15 dB, SSIM: 0.9330
⇢ learning rate is now 1.00e-03
Epoch 21/100 — train: 0.005278, val: 0.005092 | PSNR: 23.04 dB, SSIM: 0.9323
⇢ learning rate is now 1.00e-03
Epoch 22/100 — train: 0.005352, val: 0.005396 | PSNR: 22.78 dB, SSIM: 0.9290
⇢ learning rate is now 1.00e-03
Epoch 23/100 — train: 0.005315, val: 0.005063 | PSNR: 23.10 dB, SSIM: 0.9323
⇢ learning rate is now 1.00e-03
Epoch 24/100 — train: 0.005245, val: 0.005120 | PSNR: 23.07 dB, SSIM: 0.9299
⇢ learning rate is now 1.00e-03
Epoch 25/100 — train: 0.005297, val: 0.005311 | PSNR: 22.88 dB, SSIM: 0.9321
⇢ learning rate is now 1.00e-03
Epoch 26/100 — train: 0.005269, val: 0.005144 | PSNR: 22.99 dB, SSIM: 0.9302
⇢ learning rate is now 5.00e-04
Epoch 27/100 — train: 0.005066, val: 0.005149 | PSNR: 22.99 dB, SSIM: 0.9294
⇢ learning rate is now 5.00e-04
Epoch 28/100 — train: 0.005093, val: 0.004861 | PSNR: 23.23 dB, SSIM: 0.9319
⇢ learning rate is now 5.00e-04
Epoch 29/100 — train: 0.005061, val: 0.004938 | PSNR: 23.16 dB, SSIM: 0.9309
⇢ learning rate is now 5.00e-04
Epoch 30/100 — train: 0.005034, val: 0.005010 | PSNR: 23.09 dB, SSIM: 0.9310
⇢ learning rate is now 5.00e-04
Epoch 31/100 — train: 0.005044, val: 0.004765 | PSNR: 23.32 dB, SSIM: 0.9321
⇢ learning rate is now 5.00e-04
Epoch 32/100 — train: 0.005052, val: 0.004909 | PSNR: 23.18 dB, SSIM: 0.9312
⇢ learning rate is now 5.00e-04
Epoch 33/100 — train: 0.005103, val: 0.004992 | PSNR: 23.11 dB, SSIM: 0.9307
⇢ learning rate is now 5.00e-04
Epoch 34/100 — train: 0.005036, val: 0.004911 | PSNR: 23.18 dB, SSIM: 0.9317
⇢ learning rate is now 5.00e-04
Epoch 35/100 — train: 0.004991, val: 0.004874 | PSNR: 23.23 dB, SSIM: 0.9323
⇢ learning rate is now 5.00e-04
Epoch 36/100 — train: 0.005020, val: 0.004922 | PSNR: 23.16 dB, SSIM: 0.9311
⇢ learning rate is now 5.00e-04
Epoch 37/100 — train: 0.004971, val: 0.004864 | PSNR: 23.23 dB, SSIM: 0.9310
⇢ learning rate is now 2.50e-04
Epoch 38/100 — train: 0.004879, val: 0.004807 | PSNR: 23.27 dB, SSIM: 0.9310
⇢ learning rate is now 2.50e-04
Epoch 39/100 — train: 0.004852, val: 0.004879 | PSNR: 23.21 dB, SSIM: 0.9311
⇢ learning rate is now 2.50e-04
Epoch 40/100 — train: 0.004857, val: 0.004832 | PSNR: 23.25 dB, SSIM: 0.9308
⇢ learning rate is now 2.50e-04
Epoch 41/100 — train: 0.004852, val: 0.004888 | PSNR: 23.21 dB, SSIM: 0.9289
⇢ learning rate is now 2.50e-04
✋ Early stopping at epoch 41
Final Test — Loss: 0.004795, PSNR: 23.28 dB, SSIM: 0.9294
=== JOB_STATISTICS ===
=== current date     : Sat Aug  9 01:33:45 PM CEST 2025
= Job-ID             : 1167982 on tinygpu
= Job-Name           : SWINIR
= Job-Command        : /home/hpc/iwi5/iwi5293h/Debanjana_Master_Thesis/job.sh
= Initial workdir    : /home/hpc/iwi5/iwi5293h/Debanjana_Master_Thesis
= Queue/Partition    : rtx3080
= Slurm account      : iwi5 with QOS=normal
= Requested resources:  for 1-00:00:00
= Elapsed runtime    : 19:58:35
= Total RAM usage    : 15.8 GiB of requested  GiB (%)   
= Node list          : tg082
= Subm/Elig/Start/End: 2025-08-08T17:35:09 / 2025-08-08T17:35:09 / 2025-08-08T17:35:10 / 2025-08-09T13:33:45
======================
=== Quota infos ======
    Path                 Used     SoftQ    HardQ    Gracetime  Filec    FileQ    FiHaQ    FileGrace    
    /home/woody            28.9G  1000.0G  1500.0G        N/A     107K   5,000K   7,500K        N/A    
    /home/hpc              16.9G   104.9G   209.7G        N/A  14,997      500K   1,000K        N/A    
    /home/vault           360.7G  1048.6G  2097.2G        N/A     196K     200K     400K        N/A    
======================
=== GPU utilization ==
gpu_name, gpu_bus_id, pid, gpu_utilization [%], mem_utilization [%], max_memory_usage [MiB], time [ms]
NVIDIA GeForce RTX 3080, 00000000:1B:00.0, 1546668, 93 %, 62 %, 7128 MiB, 71901074 ms
