### Starting TaskPrologue of job 1474165 on tg072 at Thu Dec 25 06:14:50 PM CET 2025
Running on cores 2-3,10-11,18-19,26-27 with governor ondemand
Thu Dec 25 18:14:50 2025       
+-----------------------------------------------------------------------------------------+
| NVIDIA-SMI 570.195.03             Driver Version: 570.195.03     CUDA Version: 12.8     |
|-----------------------------------------+------------------------+----------------------+
| GPU  Name                 Persistence-M | Bus-Id          Disp.A | Volatile Uncorr. ECC |
| Fan  Temp   Perf          Pwr:Usage/Cap |           Memory-Usage | GPU-Util  Compute M. |
|                                         |                        |               MIG M. |
|=========================================+========================+======================|
|   0  Tesla V100-PCIE-32GB           On  |   00000000:3B:00.0 Off |                    0 |
| N/A   32C    P0             28W /  250W |       0MiB /  32768MiB |      0%      Default |
|                                         |                        |                  N/A |
+-----------------------------------------+------------------------+----------------------+
                                                                                         
+-----------------------------------------------------------------------------------------+
| Processes:                                                                              |
|  GPU   GI   CI              PID   Type   Process name                        GPU Memory |
|        ID   ID                                                               Usage      |
|=========================================================================================|
|  No running processes found                                                             |
+-----------------------------------------------------------------------------------------+
### Finished TaskPrologue

Found 29 patients
CQ500CT19: saved sinogram with shape (540, 800, 800)
CQ500CT215: saved sinogram with shape (540, 800, 800)
CQ500CT218: saved sinogram with shape (540, 800, 800)
CQ500CT22: saved sinogram with shape (540, 800, 800)
CQ500CT220: saved sinogram with shape (540, 800, 800)
CQ500CT223: saved sinogram with shape (540, 800, 800)
CQ500CT224: saved sinogram with shape (540, 800, 800)
CQ500CT225: saved sinogram with shape (540, 800, 800)
CQ500CT228: saved sinogram with shape (540, 800, 800)
CQ500CT237: saved sinogram with shape (540, 800, 800)
CQ500CT240: saved sinogram with shape (540, 800, 800)
CQ500CT241: saved sinogram with shape (540, 800, 800)
CQ500CT243: saved sinogram with shape (540, 800, 800)
CQ500CT247: saved sinogram with shape (540, 800, 800)
CQ500CT248: saved sinogram with shape (540, 800, 800)
CQ500CT250: saved sinogram with shape (540, 800, 800)
CQ500CT251: saved sinogram with shape (540, 800, 800)
CQ500CT253: saved sinogram with shape (540, 800, 800)
CQ500CT254: saved sinogram with shape (540, 800, 800)
CQ500CT255: saved sinogram with shape (540, 800, 800)
CQ500CT258: saved sinogram with shape (540, 800, 800)
CQ500CT262: saved sinogram with shape (540, 800, 800)
CQ500CT26: saved sinogram with shape (540, 800, 800)
CQ500CT259: saved sinogram with shape (540, 800, 800)
CQ500CT263: saved sinogram with shape (540, 800, 800)
CQ500CT264: saved sinogram with shape (540, 800, 800)
CQ500CT27: saved sinogram with shape (540, 800, 800)
CQ500CT267: saved sinogram with shape (540, 800, 800)
CQ500CT266: saved sinogram with shape (540, 800, 800)
✅ Done: merged 2D views → 3D cone-beam sinograms
=== JOB_STATISTICS ===
=== current date     : Thu Dec 25 06:28:21 PM CET 2025
= Job-ID             : 1474165 on tinygpu
= Job-Name           : 2D_to_3D
= Job-Command        : /home/hpc/iwi5/iwi5293h/Debanjana_Master_Thesis/job.sh
= Initial workdir    : /home/hpc/iwi5/iwi5293h/Debanjana_Master_Thesis
= Queue/Partition    : v100
= Slurm account      : iwi5 with QOS=normal
= Requested resources:  for 12:00:00
= Elapsed runtime    : 00:13:33
= Total RAM usage    : 20.7 GiB of requested  GiB (%)   
= Node list          : tg072
= Subm/Elig/Start/End: 2025-12-25T18:14:47 / 2025-12-25T18:14:47 / 2025-12-25T18:14:48 / 2025-12-25T18:28:21
======================
=== Quota infos ======
    Path                 Used     SoftQ    HardQ    Gracetime  Filec    FileQ    FiHaQ    FileGrace    
    /home/hpc              21.4G   104.9G   209.7G        N/A  36,622      500K   1,000K        N/A    
    /home/woody           486.0G  1000.0G  1500.0G        N/A     237K   5,000K   7,500K        N/A    
======================
=== GPU utilization ==
gpu_name, gpu_bus_id, pid, gpu_utilization [%], mem_utilization [%], max_memory_usage [MiB], time [ms]
