### Starting TaskPrologue of job 1460345 on tg072 at Sun Dec  7 07:05:02 PM CET 2025
Running on cores 6-7,14-15,22-23,30-31 with governor ondemand
Sun Dec  7 19:05:02 2025       
+-----------------------------------------------------------------------------------------+
| NVIDIA-SMI 570.195.03             Driver Version: 570.195.03     CUDA Version: 12.8     |
|-----------------------------------------+------------------------+----------------------+
| GPU  Name                 Persistence-M | Bus-Id          Disp.A | Volatile Uncorr. ECC |
| Fan  Temp   Perf          Pwr:Usage/Cap |           Memory-Usage | GPU-Util  Compute M. |
|                                         |                        |               MIG M. |
|=========================================+========================+======================|
|   0  Tesla V100-PCIE-32GB           On  |   00000000:AF:00.0 Off |                    0 |
| N/A   31C    P0             27W /  250W |       0MiB /  32768MiB |      0%      Default |
|                                         |                        |                  N/A |
+-----------------------------------------+------------------------+----------------------+
                                                                                         
+-----------------------------------------------------------------------------------------+
| Processes:                                                                              |
|  GPU   GI   CI              PID   Type   Process name                        GPU Memory |
|        ID   ID                                                               Usage      |
|=========================================================================================|
|  No running processes found                                                             |
+-----------------------------------------------------------------------------------------+
### Finished TaskPrologue

Processing 43 sinograms from /home/woody/iwi5/iwi5293h/clean_sinograms -> /home/woody/iwi5/iwi5293h/art_sinograms (Option A cubic-spline motion)
Done. Artifacted sinograms saved in: /home/woody/iwi5/iwi5293h/art_sinograms
=== JOB_STATISTICS ===
=== current date     : Sun Dec  7 08:16:47 PM CET 2025
= Job-ID             : 1460345 on tinygpu
= Job-Name           : add_motion_artifacts
= Job-Command        : /home/hpc/iwi5/iwi5293h/Debanjana_Master_Thesis/job.sh
= Initial workdir    : /home/hpc/iwi5/iwi5293h/Debanjana_Master_Thesis
= Queue/Partition    : v100
= Slurm account      : iwi5 with QOS=normal
= Requested resources:  for 1-00:00:00
= Elapsed runtime    : 01:11:48
= Total RAM usage    : 20.7 GiB of requested  GiB (%)   
= Node list          : tg072
= Subm/Elig/Start/End: 2025-12-07T19:04:32 / 2025-12-07T19:04:32 / 2025-12-07T19:04:58 / 2025-12-07T20:16:46
======================
=== Quota infos ======
    Path                 Used     SoftQ    HardQ    Gracetime  Filec    FileQ    FiHaQ    FileGrace    
    /home/hpc              20.6G   104.9G   209.7G        N/A  40,610      500K   1,000K        N/A    
    /home/woody           142.2G  1000.0G  1500.0G        N/A     144K   5,000K   7,500K        N/A    
    /home/vault           367.2G  1048.6G  2097.2G        N/A     196K     200K     400K        N/A    
======================
=== GPU utilization ==
gpu_name, gpu_bus_id, pid, gpu_utilization [%], mem_utilization [%], max_memory_usage [MiB], time [ms]
