### Starting TaskPrologue of job 1307538 on tg081 at Thu Nov  6 09:25:15 PM CET 2025
Running on cores 14-15,30-31,46-47,62-63 with governor powersave
Thu Nov  6 21:25:15 2025       
+-----------------------------------------------------------------------------------------+
| NVIDIA-SMI 580.95.05              Driver Version: 580.95.05      CUDA Version: 13.0     |
+-----------------------------------------+------------------------+----------------------+
| GPU  Name                 Persistence-M | Bus-Id          Disp.A | Volatile Uncorr. ECC |
| Fan  Temp   Perf          Pwr:Usage/Cap |           Memory-Usage | GPU-Util  Compute M. |
|                                         |                        |               MIG M. |
|=========================================+========================+======================|
|   0  NVIDIA GeForce RTX 3080        On  |   00000000:DB:00.0 Off |                  N/A |
| 30%   42C    P8             15W /  300W |       1MiB /  10240MiB |      0%      Default |
|                                         |                        |                  N/A |
+-----------------------------------------+------------------------+----------------------+

+-----------------------------------------------------------------------------------------+
| Processes:                                                                              |
|  GPU   GI   CI              PID   Type   Process name                        GPU Memory |
|        ID   ID                                                               Usage      |
|=========================================================================================|
|  No running processes found                                                             |
+-----------------------------------------------------------------------------------------+
### Finished TaskPrologue

TRY: /home/hpc/iwi5/iwi5293h/Debanjana_Master_Thesis
SwinIR: True
basicsr: True
Starting training with model=mr_lkv…
→ Checkpoints will be saved to: /home/vault/iwi5/iwi5293h/models/mr_lkv
Model parameters: 3,650,879
Epoch 1/100 — Train: 0.059046, Val: 0.043415 | PSNR: 24.68 dB, SSIM: 0.9562
⇢ learning rate is now 1.00e-03
Epoch 2/100 — Train: 0.043415, Val: 0.036747 | PSNR: 26.02 dB, SSIM: 0.9625
⇢ learning rate is now 9.99e-04
Epoch 3/100 — Train: 0.040372, Val: 0.038463 | PSNR: 25.85 dB, SSIM: 0.9604
⇢ learning rate is now 9.98e-04
Epoch 4/100 — Train: 0.039585, Val: 0.040268 | PSNR: 25.33 dB, SSIM: 0.9591
⇢ learning rate is now 9.96e-04
Epoch 5/100 — Train: 0.038738, Val: 0.037440 | PSNR: 25.63 dB, SSIM: 0.9623
⇢ learning rate is now 9.94e-04
Epoch 6/100 — Train: 0.038746, Val: 0.037035 | PSNR: 26.15 dB, SSIM: 0.9617
⇢ learning rate is now 9.91e-04
Epoch 7/100 — Train: 0.039081, Val: 0.038448 | PSNR: 25.87 dB, SSIM: 0.9604
⇢ learning rate is now 9.88e-04
Epoch 8/100 — Train: 0.039004, Val: 0.036504 | PSNR: 26.55 dB, SSIM: 0.9621
⇢ learning rate is now 9.84e-04
Epoch 9/100 — Train: 0.038241, Val: 0.037293 | PSNR: 25.93 dB, SSIM: 0.9618
⇢ learning rate is now 9.80e-04
Epoch 10/100 — Train: 0.037522, Val: 0.037810 | PSNR: 26.24 dB, SSIM: 0.9606
⇢ learning rate is now 9.76e-04
Epoch 11/100 — Train: 0.037723, Val: 0.039305 | PSNR: 26.28 dB, SSIM: 0.9589
⇢ learning rate is now 9.70e-04
Epoch 12/100 — Train: 0.037260, Val: 0.037003 | PSNR: 26.34 dB, SSIM: 0.9616
⇢ learning rate is now 9.65e-04
Epoch 13/100 — Train: 0.037244, Val: 0.035938 | PSNR: 26.43 dB, SSIM: 0.9628
⇢ learning rate is now 9.59e-04
Epoch 14/100 — Train: 0.037209, Val: 0.038334 | PSNR: 26.00 dB, SSIM: 0.9608
⇢ learning rate is now 9.52e-04
Epoch 15/100 — Train: 0.036824, Val: 0.037905 | PSNR: 25.91 dB, SSIM: 0.9612
⇢ learning rate is now 9.46e-04
Epoch 16/100 — Train: 0.036418, Val: 0.035645 | PSNR: 26.47 dB, SSIM: 0.9631
⇢ learning rate is now 9.38e-04
Epoch 17/100 — Train: 0.036864, Val: 0.036056 | PSNR: 26.69 dB, SSIM: 0.9625
⇢ learning rate is now 9.30e-04
Epoch 18/100 — Train: 0.035112, Val: 0.035630 | PSNR: 26.80 dB, SSIM: 0.9628
⇢ learning rate is now 9.22e-04
Epoch 19/100 — Train: 0.035272, Val: 0.035873 | PSNR: 26.87 dB, SSIM: 0.9624
⇢ learning rate is now 9.14e-04
Epoch 20/100 — Train: 0.035633, Val: 0.033649 | PSNR: 26.89 dB, SSIM: 0.9653
⇢ learning rate is now 9.05e-04
Epoch 21/100 — Train: 0.036017, Val: 0.037309 | PSNR: 26.26 dB, SSIM: 0.9617
⇢ learning rate is now 8.95e-04
Epoch 22/100 — Train: 0.034605, Val: 0.039228 | PSNR: 25.81 dB, SSIM: 0.9599
⇢ learning rate is now 8.85e-04
Epoch 23/100 — Train: 0.036113, Val: 0.037895 | PSNR: 26.55 dB, SSIM: 0.9603
⇢ learning rate is now 8.75e-04
Epoch 24/100 — Train: 0.034805, Val: 0.034874 | PSNR: 27.07 dB, SSIM: 0.9636
⇢ learning rate is now 8.65e-04
Epoch 25/100 — Train: 0.035383, Val: 0.035542 | PSNR: 26.87 dB, SSIM: 0.9630
⇢ learning rate is now 8.54e-04
Epoch 26/100 — Train: 0.035628, Val: 0.034559 | PSNR: 27.00 dB, SSIM: 0.9639
⇢ learning rate is now 8.42e-04
Epoch 27/100 — Train: 0.035885, Val: 0.036693 | PSNR: 26.70 dB, SSIM: 0.9617
⇢ learning rate is now 8.31e-04
Epoch 28/100 — Train: 0.034570, Val: 0.035179 | PSNR: 26.82 dB, SSIM: 0.9635
⇢ learning rate is now 8.19e-04
Epoch 29/100 — Train: 0.034833, Val: 0.035225 | PSNR: 27.20 dB, SSIM: 0.9632
⇢ learning rate is now 8.07e-04
Epoch 30/100 — Train: 0.034494, Val: 0.035945 | PSNR: 26.89 dB, SSIM: 0.9624
⇢ learning rate is now 7.94e-04
Early stopping at epoch 30
Saved training curves to /home/hpc/iwi5/iwi5293h/Debanjana_Master_Thesis/scripts/results/plots/mr_lkv/training_curves.png
Saved reconstructed sinograms to /home/hpc/iwi5/iwi5293h/Debanjana_Master_Thesis/scripts/results/plots/mr_lkv/recon_sino
Final Test — Loss: 0.032729, PSNR: 27.13 dB, SSIM: 0.9661
=== JOB_STATISTICS ===
=== current date     : Thu Nov  6 09:46:14 PM CET 2025
= Job-ID             : 1307538 on tinygpu
= Job-Name           : MR_LKVV2
= Job-Command        : /home/hpc/iwi5/iwi5293h/Debanjana_Master_Thesis/job.sh
= Initial workdir    : /home/hpc/iwi5/iwi5293h/Debanjana_Master_Thesis
= Queue/Partition    : rtx3080
= Slurm account      : iwi5 with QOS=normal
= Requested resources:  for 1-00:00:00
= Elapsed runtime    : 00:21:18
= Total RAM usage    : 15.1 GiB of requested  GiB (%)   
= Node list          : tg081
= Subm/Elig/Start/End: 2025-11-06T21:24:55 / 2025-11-06T21:24:55 / 2025-11-06T21:24:56 / 2025-11-06T21:46:14
======================
=== Quota infos ======
    Path                 Used     SoftQ    HardQ    Gracetime  Filec    FileQ    FiHaQ    FileGrace    
    /home/hpc              18.5G   104.9G   209.7G        N/A  21,806      500K   1,000K        N/A    
    /home/woody            32.2G  1000.0G  1500.0G        N/A     158K   5,000K   7,500K        N/A    
    /home/vault           366.3G  1048.6G  2097.2G        N/A     196K     200K     400K        N/A    
======================
=== GPU utilization ==
gpu_name, gpu_bus_id, pid, gpu_utilization [%], mem_utilization [%], max_memory_usage [MiB], time [ms]
NVIDIA GeForce RTX 3080, 00000000:DB:00.0, 3870565, 76 %, 4 %, 738 MiB, 1250082 ms
