### Starting TaskPrologue of job 1474146 on tg071 at Thu Dec 25 03:14:52 PM CET 2025
Running on cores 6-7,14-15,22-23,30-31 with governor ondemand
Thu Dec 25 15:14:52 2025       
+-----------------------------------------------------------------------------------------+
| NVIDIA-SMI 570.195.03             Driver Version: 570.195.03     CUDA Version: 12.8     |
|-----------------------------------------+------------------------+----------------------+
| GPU  Name                 Persistence-M | Bus-Id          Disp.A | Volatile Uncorr. ECC |
| Fan  Temp   Perf          Pwr:Usage/Cap |           Memory-Usage | GPU-Util  Compute M. |
|                                         |                        |               MIG M. |
|=========================================+========================+======================|
|   0  Tesla V100-PCIE-32GB           On  |   00000000:AF:00.0 Off |                    0 |
| N/A   30C    P0             25W /  250W |       0MiB /  32768MiB |      0%      Default |
|                                         |                        |                  N/A |
+-----------------------------------------+------------------------+----------------------+
                                                                                         
+-----------------------------------------------------------------------------------------+
| Processes:                                                                              |
|  GPU   GI   CI              PID   Type   Process name                        GPU Memory |
|        ID   ID                                                               Usage      |
|=========================================================================================|
|  No running processes found                                                             |
+-----------------------------------------------------------------------------------------+
### Finished TaskPrologue

Reconstructing CQ500CT19
=== JOB_STATISTICS ===
=== current date     : Thu Dec 25 03:16:31 PM CET 2025
= Job-ID             : 1474146 on tinygpu
= Job-Name           : reconstruct
= Job-Command        : /home/hpc/iwi5/iwi5293h/Debanjana_Master_Thesis/job.sh
= Initial workdir    : /home/hpc/iwi5/iwi5293h/Debanjana_Master_Thesis
= Queue/Partition    : v100
= Slurm account      : iwi5 with QOS=normal
= Requested resources:  for 12:00:00
= Elapsed runtime    : 00:01:51
= Total RAM usage    : 7.1 GiB of requested  GiB (%)   
= Node list          : tg071
= Subm/Elig/Start/End: 2025-12-25T15:14:39 / 2025-12-25T15:14:39 / 2025-12-25T15:14:40 / 2025-12-25T15:16:31
======================
=== Quota infos ======
    Path                 Used     SoftQ    HardQ    Gracetime  Filec    FileQ    FiHaQ    FileGrace    
    /home/woody           446.9G  1000.0G  1500.0G        N/A     237K   5,000K   7,500K        N/A    
    /home/hpc              21.4G   104.9G   209.7G        N/A  36,616      500K   1,000K        N/A    
    /home/vault           358.9G  1048.6G  2097.2G        N/A     196K     200K     400K        N/A    
======================
=== GPU utilization ==
gpu_name, gpu_bus_id, pid, gpu_utilization [%], mem_utilization [%], max_memory_usage [MiB], time [ms]
Tesla V100-PCIE-32GB, 00000000:AF:00.0, 1302007, 0 %, 0 %, 4270 MiB, 83373 ms
