### Starting TaskPrologue of job 1471406 on tg083 at Sat Dec 20 06:19:36 PM CET 2025
Running on cores 8-9,24-25,40-41,56-57 with governor powersave
Sat Dec 20 18:19:36 2025       
+-----------------------------------------------------------------------------------------+
| NVIDIA-SMI 580.105.08             Driver Version: 580.105.08     CUDA Version: 13.0     |
+-----------------------------------------+------------------------+----------------------+
| GPU  Name                 Persistence-M | Bus-Id          Disp.A | Volatile Uncorr. ECC |
| Fan  Temp   Perf          Pwr:Usage/Cap |           Memory-Usage | GPU-Util  Compute M. |
|                                         |                        |               MIG M. |
|=========================================+========================+======================|
|   0  NVIDIA GeForce RTX 3080        On  |   00000000:B1:00.0 Off |                  N/A |
| 30%   34C    P8             23W /  300W |       1MiB /  10240MiB |      0%      Default |
|                                         |                        |                  N/A |
+-----------------------------------------+------------------------+----------------------+

+-----------------------------------------------------------------------------------------+
| Processes:                                                                              |
|  GPU   GI   CI              PID   Type   Process name                        GPU Memory |
|        ID   ID                                                               Usage      |
|=========================================================================================|
|  No running processes found                                                             |
+-----------------------------------------------------------------------------------------+
### Finished TaskPrologue

Repo root: /home/hpc/iwi5/iwi5293h/Debanjana_Master_Thesis
SwinIR available: True
Starting training with model=swinir…
→ Checkpoints will be saved to: /home/vault/iwi5/iwi5293h/models/swinir
Using device: cuda
Dataset: 4300 paired 2D sinograms loaded from /home/woody/iwi5/iwi5293h/clean_sinograms_2d / /home/woody/iwi5/iwi5293h/art_sinograms_2d
Model parameters: 993,057
=== JOB_STATISTICS ===
=== current date     : Sat Dec 20 06:19:55 PM CET 2025
= Job-ID             : 1471406 on tinygpu
= Job-Name           : swinir
= Job-Command        : /home/hpc/iwi5/iwi5293h/Debanjana_Master_Thesis/job.sh
= Initial workdir    : /home/hpc/iwi5/iwi5293h/Debanjana_Master_Thesis
= Queue/Partition    : rtx3080
= Slurm account      : iwi5 with QOS=normal
= Requested resources:  for 1-00:00:00
= Elapsed runtime    : 00:00:20
= Total RAM usage    : 2.4 GiB of requested  GiB (%)   
= Node list          : tg083
= Subm/Elig/Start/End: 2025-12-20T18:19:34 / 2025-12-20T18:19:34 / 2025-12-20T18:19:35 / 2025-12-20T18:19:55
======================
=== Quota infos ======
    Path                 Used     SoftQ    HardQ    Gracetime  Filec    FileQ    FiHaQ    FileGrace    
    /home/hpc              21.4G   104.9G   209.7G        N/A  36,564      500K   1,000K        N/A    
    /home/vault           356.9G  1048.6G  2097.2G        N/A     196K     200K     400K        N/A    
    /home/woody           250.9G  1000.0G  1500.0G        N/A     190K   5,000K   7,500K        N/A    
======================
=== GPU utilization ==
gpu_name, gpu_bus_id, pid, gpu_utilization [%], mem_utilization [%], max_memory_usage [MiB], time [ms]
NVIDIA GeForce RTX 3080, 00000000:B1:00.0, 18198, 3 %, 0 %, 9838 MiB, 5944 ms
