### Starting TaskPrologue of job 1291162 on tg081 at Mon Oct 27 06:59:46 PM CET 2025
Running on cores 6-7,22-23,38-39,54-55 with governor powersave
Mon Oct 27 18:59:47 2025       
+-----------------------------------------------------------------------------------------+
| NVIDIA-SMI 580.95.05              Driver Version: 580.95.05      CUDA Version: 13.0     |
+-----------------------------------------+------------------------+----------------------+
| GPU  Name                 Persistence-M | Bus-Id          Disp.A | Volatile Uncorr. ECC |
| Fan  Temp   Perf          Pwr:Usage/Cap |           Memory-Usage | GPU-Util  Compute M. |
|                                         |                        |               MIG M. |
|=========================================+========================+======================|
|   0  NVIDIA GeForce RTX 3080        On  |   00000000:3E:00.0 Off |                  N/A |
| 30%   34C    P8             18W /  300W |       1MiB /  10240MiB |      0%      Default |
|                                         |                        |                  N/A |
+-----------------------------------------+------------------------+----------------------+

+-----------------------------------------------------------------------------------------+
| Processes:                                                                              |
|  GPU   GI   CI              PID   Type   Process name                        GPU Memory |
|        ID   ID                                                               Usage      |
|=========================================================================================|
|  No running processes found                                                             |
+-----------------------------------------------------------------------------------------+
### Finished TaskPrologue

TRY: /home/hpc/iwi5/iwi5293h/Debanjana_Master_Thesis
SwinIR: True
basicsr: True
Starting training with model=swin2sr…
→ Checkpoints will be saved to: /home/vault/iwi5/iwi5293h/models/swin2sr
Model parameters: 1,063,041
Epoch 1/100 — Train: 0.018446, Val: 0.007946 | PSNR: 21.38 dB, SSIM: 0.9373
⇢ learning rate is now 1.00e-03
Epoch 2/100 — Train: 0.008475, Val: 0.007216 | PSNR: 21.91 dB, SSIM: 0.9406
⇢ learning rate is now 1.00e-03
Epoch 3/100 — Train: 0.008383, Val: 0.007176 | PSNR: 22.15 dB, SSIM: 0.9450
⇢ learning rate is now 1.00e-03
Epoch 4/100 — Train: 0.008393, Val: 0.007972 | PSNR: 21.79 dB, SSIM: 0.9457
⇢ learning rate is now 1.00e-03
Epoch 5/100 — Train: 0.008367, Val: 0.007122 | PSNR: 22.03 dB, SSIM: 0.9438
⇢ learning rate is now 1.00e-03
Epoch 6/100 — Train: 0.008211, Val: 0.007134 | PSNR: 21.97 dB, SSIM: 0.9423
⇢ learning rate is now 1.00e-03
Epoch 7/100 — Train: 0.008139, Val: 0.007279 | PSNR: 21.91 dB, SSIM: 0.9416
⇢ learning rate is now 1.00e-03
Epoch 8/100 — Train: 0.008044, Val: 0.006755 | PSNR: 22.28 dB, SSIM: 0.9425
⇢ learning rate is now 1.00e-03
Epoch 9/100 — Train: 0.007668, Val: 0.006291 | PSNR: 22.55 dB, SSIM: 0.9450
⇢ learning rate is now 1.00e-03
Epoch 10/100 — Train: 0.008056, Val: 0.007155 | PSNR: 22.00 dB, SSIM: 0.9394
⇢ learning rate is now 1.00e-03
Epoch 11/100 — Train: 0.007718, Val: 0.005464 | PSNR: 23.04 dB, SSIM: 0.9444
⇢ learning rate is now 1.00e-03
Epoch 12/100 — Train: 0.005920, Val: 0.004564 | PSNR: 23.78 dB, SSIM: 0.9465
⇢ learning rate is now 1.00e-03
Epoch 13/100 — Train: 0.005220, Val: 0.004539 | PSNR: 23.77 dB, SSIM: 0.9465
⇢ learning rate is now 1.00e-03
Epoch 14/100 — Train: 0.005054, Val: 0.004444 | PSNR: 23.82 dB, SSIM: 0.9441
⇢ learning rate is now 1.00e-03
Epoch 15/100 — Train: 0.004909, Val: 0.004889 | PSNR: 23.40 dB, SSIM: 0.9366
⇢ learning rate is now 1.00e-03
Epoch 16/100 — Train: 0.004619, Val: 0.005328 | PSNR: 22.99 dB, SSIM: 0.9313
⇢ learning rate is now 1.00e-03
Epoch 17/100 — Train: 0.004632, Val: 0.004105 | PSNR: 24.20 dB, SSIM: 0.9461
⇢ learning rate is now 1.00e-03
Epoch 18/100 — Train: 0.004482, Val: 0.004412 | PSNR: 23.92 dB, SSIM: 0.9421
⇢ learning rate is now 1.00e-03
Epoch 19/100 — Train: 0.005281, Val: 0.006005 | PSNR: 22.70 dB, SSIM: 0.9328
⇢ learning rate is now 1.00e-03
Epoch 20/100 — Train: 0.008069, Val: 0.007103 | PSNR: 22.10 dB, SSIM: 0.9416
⇢ learning rate is now 1.00e-03
Epoch 21/100 — Train: 0.008080, Val: 0.007370 | PSNR: 21.87 dB, SSIM: 0.9378
⇢ learning rate is now 1.00e-03
Epoch 22/100 — Train: 0.006921, Val: 0.004929 | PSNR: 23.33 dB, SSIM: 0.9396
⇢ learning rate is now 1.00e-03
Epoch 23/100 — Train: 0.004746, Val: 0.004201 | PSNR: 24.12 dB, SSIM: 0.9489
⇢ learning rate is now 5.00e-04
Epoch 24/100 — Train: 0.004139, Val: 0.003824 | PSNR: 24.59 dB, SSIM: 0.9521
⇢ learning rate is now 5.00e-04
Epoch 25/100 — Train: 0.003965, Val: 0.003901 | PSNR: 24.45 dB, SSIM: 0.9487
⇢ learning rate is now 5.00e-04
Epoch 26/100 — Train: 0.003888, Val: 0.003417 | PSNR: 24.99 dB, SSIM: 0.9539
⇢ learning rate is now 5.00e-04
Epoch 27/100 — Train: 0.003899, Val: 0.003808 | PSNR: 24.51 dB, SSIM: 0.9530
⇢ learning rate is now 5.00e-04
Epoch 28/100 — Train: 0.003811, Val: 0.004071 | PSNR: 24.17 dB, SSIM: 0.9510
⇢ learning rate is now 5.00e-04
Epoch 29/100 — Train: 0.003734, Val: 0.003473 | PSNR: 24.96 dB, SSIM: 0.9543
⇢ learning rate is now 5.00e-04
Epoch 30/100 — Train: 0.003755, Val: 0.003998 | PSNR: 24.26 dB, SSIM: 0.9486
⇢ learning rate is now 5.00e-04
Epoch 31/100 — Train: 0.003610, Val: 0.003597 | PSNR: 24.78 dB, SSIM: 0.9521
⇢ learning rate is now 5.00e-04
Epoch 32/100 — Train: 0.003603, Val: 0.003841 | PSNR: 24.50 dB, SSIM: 0.9489
⇢ learning rate is now 2.50e-04
Epoch 33/100 — Train: 0.003416, Val: 0.003312 | PSNR: 25.19 dB, SSIM: 0.9514
⇢ learning rate is now 2.50e-04
Epoch 34/100 — Train: 0.003361, Val: 0.003133 | PSNR: 25.34 dB, SSIM: 0.9539
⇢ learning rate is now 2.50e-04
Epoch 35/100 — Train: 0.003341, Val: 0.003243 | PSNR: 25.24 dB, SSIM: 0.9520
⇢ learning rate is now 2.50e-04
Epoch 36/100 — Train: 0.003334, Val: 0.003342 | PSNR: 25.19 dB, SSIM: 0.9543
⇢ learning rate is now 2.50e-04
Epoch 37/100 — Train: 0.003312, Val: 0.003208 | PSNR: 25.24 dB, SSIM: 0.9516
⇢ learning rate is now 2.50e-04
Epoch 38/100 — Train: 0.003337, Val: 0.003239 | PSNR: 25.25 dB, SSIM: 0.9544
⇢ learning rate is now 2.50e-04
Epoch 39/100 — Train: 0.003277, Val: 0.003149 | PSNR: 25.41 dB, SSIM: 0.9531
⇢ learning rate is now 2.50e-04
Epoch 40/100 — Train: 0.003363, Val: 0.003291 | PSNR: 25.12 dB, SSIM: 0.9526
⇢ learning rate is now 1.25e-04
Epoch 41/100 — Train: 0.003157, Val: 0.003262 | PSNR: 25.19 dB, SSIM: 0.9507
⇢ learning rate is now 1.25e-04
Epoch 42/100 — Train: 0.003152, Val: 0.003063 | PSNR: 25.56 dB, SSIM: 0.9541
⇢ learning rate is now 1.25e-04
Epoch 43/100 — Train: 0.003140, Val: 0.002919 | PSNR: 25.71 dB, SSIM: 0.9532
⇢ learning rate is now 1.25e-04
Epoch 44/100 — Train: 0.003126, Val: 0.003107 | PSNR: 25.47 dB, SSIM: 0.9524
⇢ learning rate is now 1.25e-04
Epoch 45/100 — Train: 0.003098, Val: 0.003081 | PSNR: 25.51 dB, SSIM: 0.9516
⇢ learning rate is now 1.25e-04
Epoch 46/100 — Train: 0.003047, Val: 0.002829 | PSNR: 25.91 dB, SSIM: 0.9546
⇢ learning rate is now 1.25e-04
Epoch 47/100 — Train: 0.003015, Val: 0.002930 | PSNR: 25.71 dB, SSIM: 0.9519
⇢ learning rate is now 1.25e-04
Epoch 48/100 — Train: 0.002894, Val: 0.002852 | PSNR: 25.77 dB, SSIM: 0.9546
⇢ learning rate is now 1.25e-04
Epoch 49/100 — Train: 0.002889, Val: 0.002517 | PSNR: 26.49 dB, SSIM: 0.9577
⇢ learning rate is now 1.25e-04
Epoch 50/100 — Train: 0.002888, Val: 0.002917 | PSNR: 25.71 dB, SSIM: 0.9550
⇢ learning rate is now 1.25e-04
Epoch 51/100 — Train: 0.002854, Val: 0.002732 | PSNR: 26.04 dB, SSIM: 0.9547
⇢ learning rate is now 1.25e-04
Epoch 52/100 — Train: 0.002812, Val: 0.002580 | PSNR: 26.30 dB, SSIM: 0.9573
⇢ learning rate is now 1.25e-04
Epoch 53/100 — Train: 0.002773, Val: 0.002533 | PSNR: 26.52 dB, SSIM: 0.9563
⇢ learning rate is now 1.25e-04
Epoch 54/100 — Train: 0.002769, Val: 0.002761 | PSNR: 26.07 dB, SSIM: 0.9533
⇢ learning rate is now 1.25e-04
Epoch 55/100 — Train: 0.002793, Val: 0.002728 | PSNR: 26.09 dB, SSIM: 0.9558
⇢ learning rate is now 6.25e-05
Epoch 56/100 — Train: 0.002694, Val: 0.002539 | PSNR: 26.39 dB, SSIM: 0.9565
⇢ learning rate is now 6.25e-05
Epoch 57/100 — Train: 0.002714, Val: 0.002820 | PSNR: 25.85 dB, SSIM: 0.9507
⇢ learning rate is now 6.25e-05
Epoch 58/100 — Train: 0.002681, Val: 0.002544 | PSNR: 26.30 dB, SSIM: 0.9540
⇢ learning rate is now 6.25e-05
Epoch 59/100 — Train: 0.002633, Val: 0.002611 | PSNR: 26.30 dB, SSIM: 0.9536
⇢ learning rate is now 6.25e-05
Early stopping at epoch 59
Saved training curves to /home/hpc/iwi5/iwi5293h/Debanjana_Master_Thesis/scripts/results/plots/swin2sr/training_curves.png
Final Test — Loss: 0.002457, PSNR: 26.58 dB, SSIM: 0.9579
=== JOB_STATISTICS ===
=== current date     : Tue Oct 28 12:17:42 AM CET 2025
= Job-ID             : 1291162 on tinygpu
= Job-Name           : swin2sr
= Job-Command        : /home/hpc/iwi5/iwi5293h/Debanjana_Master_Thesis/job.sh
= Initial workdir    : /home/hpc/iwi5/iwi5293h/Debanjana_Master_Thesis
= Queue/Partition    : rtx3080
= Slurm account      : iwi5 with QOS=normal
= Requested resources:  for 1-00:00:00
= Elapsed runtime    : 05:17:55
= Total RAM usage    : 15.3 GiB of requested  GiB (%)   
= Node list          : tg081
= Subm/Elig/Start/End: 2025-10-27T18:59:20 / 2025-10-27T18:59:20 / 2025-10-27T18:59:46 / 2025-10-28T00:17:41
======================
=== Quota infos ======
    Path                 Used     SoftQ    HardQ    Gracetime  Filec    FileQ    FiHaQ    FileGrace    
    /home/hpc              18.5G   104.9G   209.7G        N/A  21,859      500K   1,000K        N/A    
    /home/woody            32.2G  1000.0G  1500.0G        N/A     158K   5,000K   7,500K        N/A    
    /home/vault           366.3G  1048.6G  2097.2G        N/A     196K     200K     400K        N/A    
======================
=== GPU utilization ==
gpu_name, gpu_bus_id, pid, gpu_utilization [%], mem_utilization [%], max_memory_usage [MiB], time [ms]
NVIDIA GeForce RTX 3080, 00000000:3E:00.0, 3154268, 83 %, 60 %, 8762 MiB, 18977155 ms
