### Starting TaskPrologue of job 1198520 on tg081 at Mon Sep  1 07:03:51 PM CEST 2025
Running on cores 6-7,22-23,38-39,54-55 with governor powersave
Mon Sep  1 19:03:51 2025       
+-----------------------------------------------------------------------------------------+
| NVIDIA-SMI 580.65.06              Driver Version: 580.65.06      CUDA Version: 13.0     |
+-----------------------------------------+------------------------+----------------------+
| GPU  Name                 Persistence-M | Bus-Id          Disp.A | Volatile Uncorr. ECC |
| Fan  Temp   Perf          Pwr:Usage/Cap |           Memory-Usage | GPU-Util  Compute M. |
|                                         |                        |               MIG M. |
|=========================================+========================+======================|
|   0  NVIDIA GeForce RTX 3080        On  |   00000000:3E:00.0 Off |                  N/A |
| 30%   35C    P8             19W /  300W |       1MiB /  10240MiB |      0%      Default |
|                                         |                        |                  N/A |
+-----------------------------------------+------------------------+----------------------+

+-----------------------------------------------------------------------------------------+
| Processes:                                                                              |
|  GPU   GI   CI              PID   Type   Process name                        GPU Memory |
|        ID   ID                                                               Usage      |
|=========================================================================================|
|  No running processes found                                                             |
+-----------------------------------------------------------------------------------------+
### Finished TaskPrologue

TRY: /home/hpc/iwi5/iwi5293h/Debanjana_Master_Thesis
SwinIR: True
basicsr: True
Starting training with model=unet…
→ Checkpoints will be saved to: /home/vault/iwi5/iwi5293h/models/unet
Model parameters: 31,042,369
Epoch 1/100 — train: 0.012913, val: 0.006250 | PSNR: 22.39 dB, SSIM: 0.8916
⇢ learning rate is now 1.00e-03
Epoch 2/100 — train: 0.005080, val: 0.005701 | PSNR: 22.76 dB, SSIM: 0.8967
⇢ learning rate is now 1.00e-03
Epoch 3/100 — train: 0.004527, val: 0.004840 | PSNR: 23.39 dB, SSIM: 0.9229
⇢ learning rate is now 1.00e-03
Epoch 4/100 — train: 0.004221, val: 0.005826 | PSNR: 22.70 dB, SSIM: 0.9213
⇢ learning rate is now 1.00e-03
Epoch 5/100 — train: 0.003999, val: 0.008567 | PSNR: 20.77 dB, SSIM: 0.9108
⇢ learning rate is now 1.00e-03
Epoch 6/100 — train: 0.003903, val: 0.005023 | PSNR: 23.23 dB, SSIM: 0.9095
⇢ learning rate is now 1.00e-03
Epoch 7/100 — train: 0.003767, val: 0.003729 | PSNR: 24.56 dB, SSIM: 0.9402
⇢ learning rate is now 1.00e-03
Epoch 8/100 — train: 0.003699, val: 0.004838 | PSNR: 23.39 dB, SSIM: 0.9408
⇢ learning rate is now 1.00e-03
Epoch 9/100 — train: 0.003619, val: 0.004803 | PSNR: 23.43 dB, SSIM: 0.9256
⇢ learning rate is now 1.00e-03
Epoch 10/100 — train: 0.003443, val: 0.003675 | PSNR: 24.65 dB, SSIM: 0.9391
⇢ learning rate is now 1.00e-03
Epoch 11/100 — train: 0.003402, val: 0.002980 | PSNR: 25.64 dB, SSIM: 0.9425
⇢ learning rate is now 1.00e-03
Epoch 12/100 — train: 0.003228, val: 0.003631 | PSNR: 24.67 dB, SSIM: 0.9383
⇢ learning rate is now 1.00e-03
Epoch 13/100 — train: 0.003345, val: 0.003983 | PSNR: 24.19 dB, SSIM: 0.9371
⇢ learning rate is now 1.00e-03
Epoch 14/100 — train: 0.003232, val: 0.003165 | PSNR: 25.33 dB, SSIM: 0.9422
⇢ learning rate is now 1.00e-03
Epoch 15/100 — train: 0.003190, val: 0.002894 | PSNR: 25.75 dB, SSIM: 0.9469
⇢ learning rate is now 1.00e-03
Epoch 16/100 — train: 0.003081, val: 0.003741 | PSNR: 24.51 dB, SSIM: 0.9399
⇢ learning rate is now 1.00e-03
Epoch 17/100 — train: 0.003112, val: 0.003434 | PSNR: 25.00 dB, SSIM: 0.9440
⇢ learning rate is now 1.00e-03
Epoch 18/100 — train: 0.003073, val: 0.002767 | PSNR: 26.01 dB, SSIM: 0.9482
⇢ learning rate is now 1.00e-03
Epoch 19/100 — train: 0.003099, val: 0.003318 | PSNR: 25.12 dB, SSIM: 0.9413
⇢ learning rate is now 1.00e-03
Epoch 20/100 — train: 0.002972, val: 0.003517 | PSNR: 24.85 dB, SSIM: 0.9402
⇢ learning rate is now 1.00e-03
Epoch 21/100 — train: 0.003080, val: 0.003043 | PSNR: 25.47 dB, SSIM: 0.9440
⇢ learning rate is now 1.00e-03
Epoch 22/100 — train: 0.003036, val: 0.004149 | PSNR: 24.22 dB, SSIM: 0.9292
⇢ learning rate is now 1.00e-03
Epoch 23/100 — train: 0.002970, val: 0.004434 | PSNR: 23.68 dB, SSIM: 0.9325
⇢ learning rate is now 1.00e-03
Epoch 24/100 — train: 0.002964, val: 0.003445 | PSNR: 24.91 dB, SSIM: 0.9367
⇢ learning rate is now 5.00e-04
Epoch 25/100 — train: 0.002737, val: 0.003340 | PSNR: 24.97 dB, SSIM: 0.9488
⇢ learning rate is now 5.00e-04
Epoch 26/100 — train: 0.002698, val: 0.002532 | PSNR: 26.38 dB, SSIM: 0.9530
⇢ learning rate is now 5.00e-04
Epoch 27/100 — train: 0.002687, val: 0.002726 | PSNR: 26.18 dB, SSIM: 0.9471
⇢ learning rate is now 5.00e-04
Epoch 28/100 — train: 0.002658, val: 0.003905 | PSNR: 24.34 dB, SSIM: 0.9404
⇢ learning rate is now 5.00e-04
Epoch 29/100 — train: 0.002664, val: 0.003031 | PSNR: 25.51 dB, SSIM: 0.9478
⇢ learning rate is now 5.00e-04
Epoch 30/100 — train: 0.002634, val: 0.003034 | PSNR: 25.35 dB, SSIM: 0.9415
⇢ learning rate is now 5.00e-04
Epoch 31/100 — train: 0.002639, val: 0.002970 | PSNR: 25.58 dB, SSIM: 0.9455
⇢ learning rate is now 5.00e-04
Epoch 32/100 — train: 0.002660, val: 0.002907 | PSNR: 25.66 dB, SSIM: 0.9505
⇢ learning rate is now 2.50e-04
Epoch 33/100 — train: 0.002487, val: 0.002492 | PSNR: 26.51 dB, SSIM: 0.9491
⇢ learning rate is now 2.50e-04
Epoch 34/100 — train: 0.002514, val: 0.002454 | PSNR: 26.50 dB, SSIM: 0.9507
⇢ learning rate is now 2.50e-04
Epoch 35/100 — train: 0.002478, val: 0.002739 | PSNR: 26.02 dB, SSIM: 0.9497
⇢ learning rate is now 2.50e-04
Epoch 36/100 — train: 0.002448, val: 0.002497 | PSNR: 26.55 dB, SSIM: 0.9513
⇢ learning rate is now 2.50e-04
Epoch 37/100 — train: 0.002472, val: 0.002389 | PSNR: 26.67 dB, SSIM: 0.9513
⇢ learning rate is now 2.50e-04
Epoch 38/100 — train: 0.002433, val: 0.002417 | PSNR: 26.63 dB, SSIM: 0.9526
⇢ learning rate is now 2.50e-04
Epoch 39/100 — train: 0.002438, val: 0.002484 | PSNR: 26.47 dB, SSIM: 0.9469
⇢ learning rate is now 2.50e-04
Epoch 40/100 — train: 0.002465, val: 0.002293 | PSNR: 26.87 dB, SSIM: 0.9512
⇢ learning rate is now 2.50e-04
Epoch 41/100 — train: 0.002437, val: 0.002415 | PSNR: 26.72 dB, SSIM: 0.9493
⇢ learning rate is now 2.50e-04
Epoch 42/100 — train: 0.002430, val: 0.002443 | PSNR: 26.53 dB, SSIM: 0.9471
⇢ learning rate is now 2.50e-04
Epoch 43/100 — train: 0.002402, val: 0.002251 | PSNR: 26.86 dB, SSIM: 0.9537
⇢ learning rate is now 2.50e-04
Epoch 44/100 — train: 0.002464, val: 0.002627 | PSNR: 26.16 dB, SSIM: 0.9512
⇢ learning rate is now 2.50e-04
Epoch 45/100 — train: 0.002418, val: 0.002329 | PSNR: 26.84 dB, SSIM: 0.9535
⇢ learning rate is now 2.50e-04
Epoch 46/100 — train: 0.002406, val: 0.002474 | PSNR: 26.52 dB, SSIM: 0.9507
⇢ learning rate is now 2.50e-04
Epoch 47/100 — train: 0.002390, val: 0.002392 | PSNR: 26.66 dB, SSIM: 0.9507
⇢ learning rate is now 2.50e-04
Epoch 48/100 — train: 0.002416, val: 0.002410 | PSNR: 26.69 dB, SSIM: 0.9523
⇢ learning rate is now 2.50e-04
Epoch 49/100 — train: 0.002434, val: 0.002268 | PSNR: 26.81 dB, SSIM: 0.9539
⇢ learning rate is now 1.25e-04
Epoch 50/100 — train: 0.002340, val: 0.002355 | PSNR: 26.77 dB, SSIM: 0.9527
⇢ learning rate is now 1.25e-04
Epoch 51/100 — train: 0.002314, val: 0.002378 | PSNR: 26.64 dB, SSIM: 0.9474
⇢ learning rate is now 1.25e-04
Epoch 52/100 — train: 0.002332, val: 0.002317 | PSNR: 26.79 dB, SSIM: 0.9523
⇢ learning rate is now 1.25e-04
Epoch 53/100 — train: 0.002371, val: 0.002245 | PSNR: 26.86 dB, SSIM: 0.9523
⇢ learning rate is now 1.25e-04
Epoch 54/100 — train: 0.002300, val: 0.002680 | PSNR: 26.09 dB, SSIM: 0.9464
⇢ learning rate is now 1.25e-04
Epoch 55/100 — train: 0.002300, val: 0.002329 | PSNR: 26.70 dB, SSIM: 0.9524
⇢ learning rate is now 1.25e-04
Epoch 56/100 — train: 0.002326, val: 0.002202 | PSNR: 27.18 dB, SSIM: 0.9545
⇢ learning rate is now 1.25e-04
Epoch 57/100 — train: 0.002255, val: 0.002236 | PSNR: 26.97 dB, SSIM: 0.9545
⇢ learning rate is now 1.25e-04
Epoch 58/100 — train: 0.002302, val: 0.002307 | PSNR: 26.78 dB, SSIM: 0.9525
⇢ learning rate is now 1.25e-04
Epoch 59/100 — train: 0.002297, val: 0.002270 | PSNR: 26.95 dB, SSIM: 0.9521
⇢ learning rate is now 1.25e-04
Epoch 60/100 — train: 0.002292, val: 0.002435 | PSNR: 26.61 dB, SSIM: 0.9495
⇢ learning rate is now 1.25e-04
Epoch 61/100 — train: 0.002302, val: 0.002352 | PSNR: 26.79 dB, SSIM: 0.9544
⇢ learning rate is now 1.25e-04
Epoch 62/100 — train: 0.002332, val: 0.002301 | PSNR: 26.83 dB, SSIM: 0.9532
⇢ learning rate is now 6.25e-05
Epoch 63/100 — train: 0.002198, val: 0.002232 | PSNR: 27.10 dB, SSIM: 0.9528
⇢ learning rate is now 6.25e-05
Epoch 64/100 — train: 0.002261, val: 0.002152 | PSNR: 27.18 dB, SSIM: 0.9551
⇢ learning rate is now 6.25e-05
Epoch 65/100 — train: 0.002245, val: 0.002164 | PSNR: 27.10 dB, SSIM: 0.9543
⇢ learning rate is now 6.25e-05
Epoch 66/100 — train: 0.002212, val: 0.002183 | PSNR: 27.15 dB, SSIM: 0.9547
⇢ learning rate is now 6.25e-05
Epoch 67/100 — train: 0.002249, val: 0.002244 | PSNR: 27.02 dB, SSIM: 0.9536
⇢ learning rate is now 6.25e-05
Epoch 68/100 — train: 0.002185, val: 0.002375 | PSNR: 26.62 dB, SSIM: 0.9508
⇢ learning rate is now 6.25e-05
Epoch 69/100 — train: 0.002227, val: 0.002305 | PSNR: 26.88 dB, SSIM: 0.9545
⇢ learning rate is now 6.25e-05
Epoch 70/100 — train: 0.002213, val: 0.002314 | PSNR: 26.84 dB, SSIM: 0.9526
⇢ learning rate is now 3.13e-05
Epoch 71/100 — train: 0.002190, val: 0.002111 | PSNR: 27.22 dB, SSIM: 0.9553
⇢ learning rate is now 3.13e-05
Epoch 72/100 — train: 0.002132, val: 0.002229 | PSNR: 27.01 dB, SSIM: 0.9535
⇢ learning rate is now 3.13e-05
Epoch 73/100 — train: 0.002191, val: 0.002118 | PSNR: 27.20 dB, SSIM: 0.9548
⇢ learning rate is now 3.13e-05
Epoch 74/100 — train: 0.002217, val: 0.002041 | PSNR: 27.45 dB, SSIM: 0.9565
⇢ learning rate is now 3.13e-05
Epoch 75/100 — train: 0.002159, val: 0.002286 | PSNR: 26.91 dB, SSIM: 0.9522
⇢ learning rate is now 3.13e-05
Epoch 76/100 — train: 0.002102, val: 0.002149 | PSNR: 27.24 dB, SSIM: 0.9552
⇢ learning rate is now 3.13e-05
Epoch 77/100 — train: 0.002232, val: 0.002104 | PSNR: 27.41 dB, SSIM: 0.9551
⇢ learning rate is now 3.13e-05
Epoch 78/100 — train: 0.002184, val: 0.002183 | PSNR: 27.10 dB, SSIM: 0.9547
⇢ learning rate is now 3.13e-05
Epoch 79/100 — train: 0.002201, val: 0.002273 | PSNR: 26.95 dB, SSIM: 0.9532
⇢ learning rate is now 3.13e-05
Epoch 80/100 — train: 0.002202, val: 0.002240 | PSNR: 27.03 dB, SSIM: 0.9544
⇢ learning rate is now 1.56e-05
Epoch 81/100 — train: 0.002181, val: 0.002237 | PSNR: 26.96 dB, SSIM: 0.9523
⇢ learning rate is now 1.56e-05
Epoch 82/100 — train: 0.002205, val: 0.001962 | PSNR: 27.68 dB, SSIM: 0.9585
⇢ learning rate is now 1.56e-05
Epoch 83/100 — train: 0.002114, val: 0.002089 | PSNR: 27.34 dB, SSIM: 0.9539
⇢ learning rate is now 1.56e-05
Epoch 84/100 — train: 0.002224, val: 0.002148 | PSNR: 27.17 dB, SSIM: 0.9552
⇢ learning rate is now 1.56e-05
Epoch 85/100 — train: 0.002118, val: 0.002155 | PSNR: 27.17 dB, SSIM: 0.9537
⇢ learning rate is now 1.56e-05
Epoch 86/100 — train: 0.002179, val: 0.002268 | PSNR: 26.88 dB, SSIM: 0.9532
⇢ learning rate is now 1.56e-05
Epoch 87/100 — train: 0.002170, val: 0.002177 | PSNR: 27.08 dB, SSIM: 0.9528
⇢ learning rate is now 1.56e-05
Epoch 88/100 — train: 0.002202, val: 0.002196 | PSNR: 27.10 dB, SSIM: 0.9546
⇢ learning rate is now 7.81e-06
Epoch 89/100 — train: 0.002142, val: 0.002063 | PSNR: 27.35 dB, SSIM: 0.9552
⇢ learning rate is now 7.81e-06
Epoch 90/100 — train: 0.002150, val: 0.002008 | PSNR: 27.55 dB, SSIM: 0.9569
⇢ learning rate is now 7.81e-06
Epoch 91/100 — train: 0.002169, val: 0.002185 | PSNR: 27.08 dB, SSIM: 0.9531
⇢ learning rate is now 7.81e-06
Epoch 92/100 — train: 0.002176, val: 0.002150 | PSNR: 27.10 dB, SSIM: 0.9544
⇢ learning rate is now 7.81e-06
Early stopping at epoch 92
Final Test — Loss: 0.002256, PSNR: 26.82 dB, SSIM: 0.9524
=== JOB_STATISTICS ===
=== current date     : Mon Sep  1 08:00:12 PM CEST 2025
= Job-ID             : 1198520 on tinygpu
= Job-Name           : Unet_model
= Job-Command        : /home/hpc/iwi5/iwi5293h/Debanjana_Master_Thesis/job.sh
= Initial workdir    : /home/hpc/iwi5/iwi5293h/Debanjana_Master_Thesis
= Queue/Partition    : rtx3080
= Slurm account      : iwi5 with QOS=normal
= Requested resources:  for 1-00:00:00
= Elapsed runtime    : 00:56:28
= Total RAM usage    : 15.9 GiB of requested  GiB (%)   
= Node list          : tg081
= Subm/Elig/Start/End: 2025-09-01T19:03:43 / 2025-09-01T19:03:43 / 2025-09-01T19:03:44 / 2025-09-01T20:00:12
======================
=== Quota infos ======
    Path                 Used     SoftQ    HardQ    Gracetime  Filec    FileQ    FiHaQ    FileGrace    
    /home/woody            29.1G  1000.0G  1500.0G        N/A     110K   5,000K   7,500K        N/A    
    /home/hpc              17.7G   104.9G   209.7G        N/A  17,521      500K   1,000K        N/A    
    /home/vault           364.7G  1048.6G  2097.2G        N/A     196K     200K     400K        N/A    
======================
=== GPU utilization ==
gpu_name, gpu_bus_id, pid, gpu_utilization [%], mem_utilization [%], max_memory_usage [MiB], time [ms]
NVIDIA GeForce RTX 3080, 00000000:3E:00.0, 1691429, 82 %, 45 %, 1342 MiB, 3372919 ms
